<?xml version="1.0" encoding="UTF-8" ?>
<testsuite failures="0" time="0.043" errors="0" skipped="0" tests="5" name="com.qin.SincronizacionTextoTest">
  <properties>
    <property name="java.runtime.name" value="Java(TM) SE Runtime Environment"/>
    <property name="sun.boot.library.path" value="/usr/lib/jvm/java-6-sun-1.6.0.26/jre/lib/amd64"/>
    <property name="java.vm.version" value="20.1-b02"/>
    <property name="java.vm.vendor" value="Sun Microsystems Inc."/>
    <property name="java.vendor.url" value="http://java.sun.com/"/>
    <property name="path.separator" value=":"/>
    <property name="java.vm.name" value="Java HotSpot(TM) 64-Bit Server VM"/>
    <property name="file.encoding.pkg" value="sun.io"/>
    <property name="user.country" value="US"/>
    <property name="sun.java.launcher" value="SUN_STANDARD"/>
    <property name="sun.os.patch.level" value="unknown"/>
    <property name="java.vm.specification.name" value="Java Virtual Machine Specification"/>
    <property name="user.dir" value="/home/martin/qin jboss sin ejb spring transactions/qinweb"/>
    <property name="java.runtime.version" value="1.6.0_26-b03"/>
    <property name="java.awt.graphicsenv" value="sun.awt.X11GraphicsEnvironment"/>
    <property name="basedir" value="/home/martin/qin jboss sin ejb spring transactions/qinweb"/>
    <property name="java.endorsed.dirs" value="/usr/lib/jvm/java-6-sun-1.6.0.26/jre/lib/endorsed"/>
    <property name="os.arch" value="amd64"/>
    <property name="surefire.real.class.path" value="/tmp/surefirebooter8120667016211822503.jar"/>
    <property name="java.io.tmpdir" value="/tmp"/>
    <property name="line.separator" value="
"/>
    <property name="java.vm.specification.vendor" value="Sun Microsystems Inc."/>
    <property name="os.name" value="Linux"/>
    <property name="sun.jnu.encoding" value="UTF-8"/>
    <property name="java.library.path" value="/usr/lib/jvm/java-6-sun-1.6.0.26/jre/lib/amd64/server:/usr/lib/jvm/java-6-sun-1.6.0.26/jre/lib/amd64:/usr/lib/jvm/java-6-sun-1.6.0.26/jre/../lib/amd64:/usr/java/packages/lib/amd64:/usr/lib64:/lib64:/lib:/usr/lib"/>
    <property name="surefire.test.class.path" value="/home/martin/qin jboss sin ejb spring transactions/qinweb/target/test-classes:/home/martin/qin jboss sin ejb spring transactions/qinweb/target/classes:/home/martin/qin jboss sin ejb spring transactions/qinejb/target/qinejb-1.0.jar:/home/martin/.m2/repository/org/slf4j/slf4j-log4j12/1.5.11/slf4j-log4j12-1.5.11.jar:/home/martin/.m2/repository/org/slf4j/slf4j-api/1.5.11/slf4j-api-1.5.11.jar:/home/martin/.m2/repository/log4j/log4j/1.2.15/log4j-1.2.15.jar:/home/martin/.m2/repository/javax/mail/mail/1.4/mail-1.4.jar:/home/martin/.m2/repository/javax/activation/activation/1.1.1/activation-1.1.1.jar:/home/martin/.m2/repository/javax/jms/jms/1.1/jms-1.1.jar:/home/martin/.m2/repository/com/sun/jdmk/jmxtools/1.2.1/jmxtools-1.2.1.jar:/home/martin/.m2/repository/com/sun/jmx/jmxri/1.2.1/jmxri-1.2.1.jar:/home/martin/.m2/repository/commons-logging/commons-logging/1.1.1/commons-logging-1.1.1.jar:/home/martin/.m2/repository/joda-time/joda-time/1.6/joda-time-1.6.jar:/home/martin/.m2/repository/commons-lang/commons-lang/2.1/commons-lang-2.1.jar:/home/martin/.m2/repository/org/jboss/jbossas/jboss-as-ejb3/6.0.0.20101110-CR1/jboss-as-ejb3-6.0.0.20101110-CR1.jar:/home/martin/.m2/repository/xml-apis/xml-apis/1.3.04/xml-apis-1.3.04.jar:/home/martin/.m2/repository/cglib/cglib/2.1_3/cglib-2.1_3.jar:/home/martin/.m2/repository/asm/asm/1.5.3/asm-1.5.3.jar:/home/martin/.m2/repository/org/hibernate/hibernate-core/3.6.0.Final/hibernate-core-3.6.0.Final.jar:/home/martin/.m2/repository/antlr/antlr/2.7.6/antlr-2.7.6.jar:/home/martin/.m2/repository/commons-collections/commons-collections/3.1/commons-collections-3.1.jar:/home/martin/.m2/repository/dom4j/dom4j/1.6.1/dom4j-1.6.1.jar:/home/martin/.m2/repository/org/hibernate/hibernate-commons-annotations/3.2.0.Final/hibernate-commons-annotations-3.2.0.Final.jar:/home/martin/.m2/repository/org/hibernate/javax/persistence/hibernate-jpa-2.0-api/1.0.0.Final/hibernate-jpa-2.0-api-1.0.0.Final.jar:/home/martin/.m2/repository/jacorb/jacorb/2.3.1jboss.patch01-brew/jacorb-2.3.1jboss.patch01-brew.jar:/home/martin/.m2/repository/org/jboss/logging/jboss-logging/3.0.0.Beta4/jboss-logging-3.0.0.Beta4.jar:/home/martin/.m2/repository/org/jboss/remoting/jboss-remoting/2.5.3/jboss-remoting-2.5.3.jar:/home/martin/.m2/repository/org/hibernate/hibernate-entitymanager/3.6.0.Final/hibernate-entitymanager-3.6.0.Final.jar:/home/martin/.m2/repository/javassist/javassist/3.12.0.GA/javassist-3.12.0.GA.jar:/home/martin/.m2/repository/org/jboss/jboss-common-core/2.2.17.GA/jboss-common-core-2.2.17.GA.jar:/home/martin/.m2/repository/org/jboss/jboss-vfs/3.0.0.CR5/jboss-vfs-3.0.0.CR5.jar:/home/martin/.m2/repository/org/jboss/jbossxb/2.0.2.Beta9/jbossxb-2.0.2.Beta9.jar:/home/martin/.m2/repository/org/jboss/logging/jboss-logging-spi/2.0.5.GA/jboss-logging-spi-2.0.5.GA.jar:/home/martin/.m2/repository/org/jboss/jboss-reflect/2.0.2.GA/jboss-reflect-2.0.2.GA.jar:/home/martin/.m2/repository/xerces/xercesImpl/2.9.1/xercesImpl-2.9.1.jar:/home/martin/.m2/repository/com/wutka/dtdparser/1.21/dtdparser-1.21.jar:/home/martin/.m2/repository/sun-jaxb/jaxb-api/2.1.9/jaxb-api-2.1.9.jar:/home/martin/.m2/repository/org/jboss/cluster/jboss-ha-client/1.1.2.Final/jboss-ha-client-1.1.2.Final.jar:/home/martin/.m2/repository/org/jboss/ejb3/async/jboss-ejb3-async-impl/1.0.0-alpha-5/jboss-ejb3-async-impl-1.0.0-alpha-5.jar:/home/martin/.m2/repository/org/jboss/ejb3/async/jboss-ejb3-async-spi/1.0.0-alpha-5/jboss-ejb3-async-spi-1.0.0-alpha-5.jar:/home/martin/.m2/repository/org/jboss/ejb3/context/jboss-ejb3-context-spi/0.2.0/jboss-ejb3-context-spi-0.2.0.jar:/home/martin/.m2/repository/org/jboss/ejb3/async/jboss-ejb3-async-deployer/1.0.0-alpha-5/jboss-ejb3-async-deployer-1.0.0-alpha-5.jar:/home/martin/.m2/repository/org/jboss/ejb3/jboss-ejb3-cache/1.0.0/jboss-ejb3-cache-1.0.0.jar:/home/martin/.m2/repository/trove/trove/1.0.2/trove-1.0.2.jar:/home/martin/.m2/repository/jboss/jboss-serialization/1.0.3.GA/jboss-serialization-1.0.3.GA.jar:/home/martin/.m2/repository/org/jboss/ejb3/jboss-ejb3-common/1.0.2/jboss-ejb3-common-1.0.2.jar:/home/martin/.m2/repository/org/jboss/aop/jboss-aop/2.1.1.GA/jboss-aop-2.1.1.GA.jar:/home/martin/.m2/repository/apache-xerces/xml-apis/2.9.1/xml-apis-2.9.1.jar:/home/martin/.m2/repository/org/apache/ant/ant/1.7.0/ant-1.7.0.jar:/home/martin/.m2/repository/org/apache/ant/ant-launcher/1.7.0/ant-launcher-1.7.0.jar:/home/martin/.m2/repository/org/jboss/jboss-mdr/2.2.0.Alpha3/jboss-mdr-2.2.0.Alpha3.jar:/home/martin/.m2/repository/qdox/qdox/1.6.1/qdox-1.6.1.jar:/home/martin/.m2/repository/org/jboss/deployers/jboss-deployers-spi/2.2.0.Alpha8/jboss-deployers-spi-2.2.0.Alpha8.jar:/home/martin/.m2/repository/org/jboss/deployers/jboss-deployers-structure-spi/2.2.0.Alpha8/jboss-deployers-structure-spi-2.2.0.Alpha8.jar:/home/martin/.m2/repository/org/jboss/deployers/jboss-deployers-client-spi/2.2.0.Alpha8/jboss-deployers-client-spi-2.2.0.Alpha8.jar:/home/martin/.m2/repository/org/jboss/deployers/jboss-deployers-core-spi/2.2.0.Alpha8/jboss-deployers-core-spi-2.2.0.Alpha8.jar:/home/martin/.m2/repository/org/jboss/man/jboss-managed/2.1.1.SP2/jboss-managed-2.1.1.SP2.jar:/home/martin/.m2/repository/org/jboss/man/jboss-metatype/2.1.1.SP2/jboss-metatype-2.1.1.SP2.jar:/home/martin/.m2/repository/org/jboss/integration/jboss-classloading-spi/6.0.0.CR1/jboss-classloading-spi-6.0.0.CR1.jar:/home/martin/.m2/repository/org/jboss/ejb3/jboss-ejb3-core/1.6.3/jboss-ejb3-core-1.6.3.jar:/home/martin/.m2/repository/org/jboss/integration/jboss-jca-spi/5.0.3.GA/jboss-jca-spi-5.0.3.GA.jar:/home/martin/.m2/repository/org/jboss/aop/jboss-aop-aspects/2.0.0.SP1/jboss-aop-aspects-2.0.0.SP1.jar:/home/martin/.m2/repository/bsh/bsh/1.3.0/bsh-1.3.0.jar:/home/martin/.m2/repository/junit/junit/4.8.1/junit-4.8.1.jar:/home/martin/.m2/repository/org/jboss/aspects/jboss-remoting-aspects/1.0.2/jboss-remoting-aspects-1.0.2.jar:/home/martin/.m2/repository/org/jboss/aspects/jboss-transaction-aspects/1.0.0.GA/jboss-transaction-aspects-1.0.0.GA.jar:/home/martin/.m2/repository/org/jboss/integration/jboss-transaction-spi/6.0.0.CR1/jboss-transaction-spi-6.0.0.CR1.jar:/home/martin/.m2/repository/org/jboss/aspects/jboss-security-aspects/1.0.0.GA/jboss-security-aspects-1.0.0.GA.jar:/home/martin/.m2/repository/javax/security/jacc/1.0/jacc-1.0.jar:/home/martin/.m2/repository/org/jboss/cluster/jboss-ha-server-api/1.1.1.GA/jboss-ha-server-api-1.1.1.GA.jar:/home/martin/.m2/repository/org/jboss/ejb3/jboss-ejb3-endpoint/0.1.0/jboss-ejb3-endpoint-0.1.0.jar:/home/martin/.m2/repository/org/jboss/ejb3/jboss-ejb3-jpa-int/1.0.0/jboss-ejb3-jpa-int-1.0.0.jar:/home/martin/.m2/repository/org/jboss/ejb3/jboss-ejb3-security/1.0.2/jboss-ejb3-security-1.0.2.jar:/home/martin/.m2/repository/org/jboss/aspects/jboss-current-invocation-aspects/1.0.0.CR1/jboss-current-invocation-aspects-1.0.0.CR1.jar:/home/martin/.m2/repository/org/jboss/ejb3/jboss-ejb3-interceptors/1.0.8/jboss-ejb3-interceptors-1.0.8.jar:/home/martin/.m2/repository/org/jboss/ejb3/jboss-ejb3-metadata/1.0.0/jboss-ejb3-metadata-1.0.0.jar:/home/martin/.m2/repository/org/jboss/ejb3/jboss-ejb3-ext-api/1.1.1/jboss-ejb3-ext-api-1.1.1.jar:/home/martin/.m2/repository/org/jboss/ejb3/jboss-ejb3-ext-api-impl/1.1.1/jboss-ejb3-ext-api-impl-1.1.1.jar:/home/martin/.m2/repository/org/jboss/ejb3/jboss-ejb3-timerservice-spi/1.0.4/jboss-ejb3-timerservice-spi-1.0.4.jar:/home/martin/.m2/repository/org/jboss/ejb3/jboss-ejb3-proxy-impl/1.0.11/jboss-ejb3-proxy-impl-1.0.11.jar:/home/martin/.m2/repository/org/jboss/ejb3/jboss-ejb3-proxy-spi/1.0.0/jboss-ejb3-proxy-spi-1.0.0.jar:/home/martin/.m2/repository/org/jboss/naming/jnpserver/5.0.5.Final/jnpserver-5.0.5.Final.jar:/home/martin/.m2/repository/org/jboss/ejb3/jboss-ejb3-proxy-clustered/1.0.5-alpha-1/jboss-ejb3-proxy-clustered-1.0.5-alpha-1.jar:/home/martin/.m2/repository/org/jboss/ejb3/jboss-ejb3-transactions/1.0.3/jboss-ejb3-transactions-1.0.3.jar:/home/martin/.m2/repository/oswego-concurrent/concurrent/1.3.4-jboss-update1/concurrent-1.3.4-jboss-update1.jar:/home/martin/.m2/repository/org/jboss/ejb3/context/jboss-ejb3-context-base/0.1.1/jboss-ejb3-context-base-0.1.1.jar:/home/martin/.m2/repository/org/jboss/ejb3/context/jboss-ejb3-context-naming/0.1.1/jboss-ejb3-context-naming-0.1.1.jar:/home/martin/.m2/repository/org/jboss/ejb3/effigy/jboss-ejb3-effigy-common/0.1.0/jboss-ejb3-effigy-common-0.1.0.jar:/home/martin/.m2/repository/org/jboss/ejb3/effigy/jboss-ejb3-effigy-api/0.1.0/jboss-ejb3-effigy-api-0.1.0.jar:/home/martin/.m2/repository/org/jboss/ejb3/ejbref/resolver/ejbref-resolver-spi/1.0.0-alpha-4/ejbref-resolver-spi-1.0.0-alpha-4.jar:/home/martin/.m2/repository/org/jboss/ejb3/timeout/jboss-ejb3-timeout-spi/0.2.0/jboss-ejb3-timeout-spi-0.2.0.jar:/home/martin/.m2/repository/org/jboss/ejb3/tx2/jboss-ejb3-tx2-aop/0.0.1/jboss-ejb3-tx2-aop-0.0.1.jar:/home/martin/.m2/repository/org/jboss/ejb3/tx2/jboss-ejb3-tx2-impl/0.0.1/jboss-ejb3-tx2-impl-0.0.1.jar:/home/martin/.m2/repository/org/jboss/ejb3/tx2/jboss-ejb3-tx2-spi/0.0.1/jboss-ejb3-tx2-spi-0.0.1.jar:/home/martin/.m2/repository/org/jboss/ejb3/vfs/jboss-ejb3-vfs-spi/1.0.0-alpha-1/jboss-ejb3-vfs-spi-1.0.0-alpha-1.jar:/home/martin/.m2/repository/org/jboss/ws/jbossws-spi/1.0.3.GA/jbossws-spi-1.0.3.GA.jar:/home/martin/.m2/repository/org/jboss/ejb3/instantiator/jboss-ejb3-instantiator-spi/1.0.0-alpha-4/jboss-ejb3-instantiator-spi-1.0.0-alpha-4.jar:/home/martin/.m2/repository/org/jboss/ejb3/instantiator/jboss-ejb3-instantiator-impl/1.0.0-alpha-4/jboss-ejb3-instantiator-impl-1.0.0-alpha-4.jar:/home/martin/.m2/repository/org/jboss/jpa/jboss-jpa-deployers/1.0.2-alpha-1/jboss-jpa-deployers-1.0.2-alpha-1.jar:/home/martin/.m2/repository/org/jboss/deployers/jboss-deployers-vfs/2.0.8.GA/jboss-deployers-vfs-2.0.8.GA.jar:/home/martin/.m2/repository/org/jboss/deployers/jboss-deployers-vfs-spi/2.2.0.Alpha8/jboss-deployers-vfs-spi-2.2.0.Alpha8.jar:/home/martin/.m2/repository/org/jboss/cl/jboss-classloading/2.2.0.Alpha9/jboss-classloading-2.2.0.Alpha9.jar:/home/martin/.m2/repository/org/jboss/cl/jboss-classloader/2.2.0.Alpha9/jboss-classloader-2.2.0.Alpha9.jar:/home/martin/.m2/repository/stax/stax-api/1.0/stax-api-1.0.jar:/home/martin/.m2/repository/org/jboss/cl/jboss-classloading-vfs/2.0.6.GA/jboss-classloading-vfs-2.0.6.GA.jar:/home/martin/.m2/repository/org/jboss/deployers/jboss-deployers-core/2.0.8.GA/jboss-deployers-core-2.0.8.GA.jar:/home/martin/.m2/repository/org/jboss/deployers/jboss-deployers-client/2.0.8.GA/jboss-deployers-client-2.0.8.GA.jar:/home/martin/.m2/repository/org/jboss/deployers/jboss-deployers-impl/2.0.8.GA/jboss-deployers-impl-2.0.8.GA.jar:/home/martin/.m2/repository/org/jboss/jpa/jboss-jpa-impl/1.0.0/jboss-jpa-impl-1.0.0.jar:/home/martin/.m2/repository/org/jboss/jpa/jboss-jpa-spi/1.0.0/jboss-jpa-spi-1.0.0.jar:/home/martin/.m2/repository/org/jboss/ejb3/jboss-ejb3-deployers/1.1.5/jboss-ejb3-deployers-1.1.5.jar:/home/martin/.m2/repository/org/jboss/jbossas/jboss-as-server/6.0.0.20101110-CR1/jboss-as-server-6.0.0.20101110-CR1.jar:/home/martin/.m2/repository/org/jboss/jbossas/jboss-as-deployment/6.0.0.20101110-CR1/jboss-as-deployment-6.0.0.20101110-CR1.jar:/home/martin/.m2/repository/org/hibernate/ejb3-persistence/1.0.1.GA/ejb3-persistence-1.0.1.GA.jar:/home/martin/.m2/repository/org/jboss/naming/jnp-client/5.0.5.Final/jnp-client-5.0.5.Final.jar:/home/martin/.m2/repository/org/jboss/jbossas/jboss-as-security/6.0.0.20101110-CR1/jboss-as-security-6.0.0.20101110-CR1.jar:/home/martin/.m2/repository/org/jboss/jbossas/jboss-as-system-jmx/6.0.0.20101110-CR1/jboss-as-system-jmx-6.0.0.20101110-CR1.jar:/home/martin/.m2/repository/org/jboss/jbossas/jboss-as-main/6.0.0.20101110-CR1/jboss-as-main-6.0.0.20101110-CR1.jar:/home/martin/.m2/repository/org/jboss/jbossas/jboss-as-system/6.0.0.20101110-CR1/jboss-as-system-6.0.0.20101110-CR1.jar:/home/martin/.m2/repository/bcel/bcel/5.1/bcel-5.1.jar:/home/martin/.m2/repository/regexp/regexp/1.2/regexp-1.2.jar:/home/martin/.m2/repository/org/jboss/test/jboss-test/1.1.7.CR2/jboss-test-1.1.7.CR2.jar:/home/martin/.m2/repository/jboss/profiler/jvmti/jboss-profiler-jvmti/1.0.0.CR5/jboss-profiler-jvmti-1.0.0.CR5.jar:/home/martin/.m2/repository/org/jboss/jbossas/jboss-server-manager/1.0.3.GA/jboss-server-manager-1.0.3.GA.jar:/home/martin/.m2/repository/org/jboss/integration/jboss-deployment-spi/6.0.0.CR1/jboss-deployment-spi-6.0.0.CR1.jar:/home/martin/.m2/repository/org/jboss/ejb3/effigy/jboss-ejb3-effigy-int2/0.1.0/jboss-ejb3-effigy-int2-0.1.0.jar:/home/martin/.m2/repository/org/jboss/metadata/jboss-metadata-ejb/2.0.0-alpha-22/jboss-metadata-ejb-2.0.0-alpha-22.jar:/home/martin/.m2/repository/org/jboss/spec/javax/ejb/jboss-ejb-api_3.1_spec/1.0.0.CR2/jboss-ejb-api_3.1_spec-1.0.0.CR2.jar:/home/martin/.m2/repository/org/jboss/spec/javax/transaction/jboss-transaction-api_1.1_spec/1.0.0.Beta1/jboss-transaction-api_1.1_spec-1.0.0.Beta1.jar:/home/martin/.m2/repository/org/jboss/metadata/jboss-metadata-common/2.0.0.Alpha11/jboss-metadata-common-2.0.0.Alpha11.jar:/home/martin/.m2/repository/jboss/jbossws/jboss-jaxws/3.0.1-native-2.0.4.GA/jboss-jaxws-3.0.1-native-2.0.4.GA.jar:/home/martin/.m2/repository/org/jboss/ejb3/ejbref/resolver/ejbref-resolver-ejb31-impl/1.0.0-alpha-4/ejbref-resolver-ejb31-impl-1.0.0-alpha-4.jar:/home/martin/.m2/repository/org/jboss/ejb3/ejbref/resolver/ejbref-resolver-ejb30-impl/1.0.0-alpha-4/ejbref-resolver-ejb30-impl-1.0.0-alpha-4.jar:/home/martin/.m2/repository/org/jboss/ejb3/instantiator/jboss-ejb3-instantiator-deployer/1.0.0-alpha-4/jboss-ejb3-instantiator-deployer-1.0.0-alpha-4.jar:/home/martin/.m2/repository/org/jboss/reloaded/naming/jboss-reloaded-naming-deployers/0.2.0/jboss-reloaded-naming-deployers-0.2.0.jar:/home/martin/.m2/repository/org/jboss/kernel/jboss-kernel/2.2.0.Alpha10/jboss-kernel-2.2.0.Alpha10.jar:/home/martin/.m2/repository/org/jboss/kernel/jboss-dependency/2.2.0.Alpha10/jboss-dependency-2.2.0.Alpha10.jar:/home/martin/.m2/repository/javax/inject/javax.inject/1/javax.inject-1.jar:/home/martin/.m2/repository/org/jboss/reloaded/naming/jboss-reloaded-naming-impl/0.2.0/jboss-reloaded-naming-impl-0.2.0.jar:/home/martin/.m2/repository/org/jboss/reloaded/naming/jboss-reloaded-naming-spi/0.2.0/jboss-reloaded-naming-spi-0.2.0.jar:/home/martin/.m2/repository/org/jboss/ejb3/jndi/jboss-ejb3-jndi-binder/0.1.2/jboss-ejb3-jndi-binder-0.1.2.jar:/home/martin/.m2/repository/org/jboss/ejb3/jndi/jboss-ejb3-jndi-deployers/0.1.2/jboss-ejb3-jndi-deployers-0.1.2.jar:/home/martin/.m2/repository/org/jboss/ejb3/jboss-ejb3-metadata-deployers/1.0.0/jboss-ejb3-metadata-deployers-1.0.0.jar:/home/martin/.m2/repository/org/jboss/ejb3/jboss-ejb3-timerservice-deployer/1.0.0-alpha-5/jboss-ejb3-timerservice-deployer-1.0.0-alpha-5.jar:/home/martin/.m2/repository/org/jboss/ejb3/timerservice/jboss-ejb3-timerservice-extension/1.0.0-alpha-10/jboss-ejb3-timerservice-extension-1.0.0-alpha-10.jar:/home/martin/.m2/repository/org/jboss/ejb3/timeout/jboss-ejb3-timeout-3.1/0.2.1/jboss-ejb3-timeout-3.1-0.2.1.jar:/home/martin/.m2/repository/org/jboss/ejb3/jboss-ejb3-timerservice-naming/1.0.0-alpha-2/jboss-ejb3-timerservice-naming-1.0.0-alpha-2.jar:/home/martin/.m2/repository/org/jboss/spec/javax/interceptor/jboss-interceptors-api_1.1_spec/1.0.0.Final/jboss-interceptors-api_1.1_spec-1.0.0.Final.jar:/home/martin/.m2/repository/org/jboss/ejb3/nointerface/jboss-ejb3-nointerface-impl/1.0.0-alpha-9/jboss-ejb3-nointerface-impl-1.0.0-alpha-9.jar:/home/martin/.m2/repository/org/jboss/ejb3/nointerface/jboss-ejb3-nointerface-spi/1.0.0-alpha-9/jboss-ejb3-nointerface-spi-1.0.0-alpha-9.jar:/home/martin/.m2/repository/org/jboss/ejb3/proxy/proxy-javassist/1.0.0-alpha-1/proxy-javassist-1.0.0-alpha-1.jar:/home/martin/.m2/repository/org/jboss/ejb3/proxy/proxy-spi/1.0.0-alpha-1/proxy-spi-1.0.0-alpha-1.jar:/home/martin/.m2/repository/org/jboss/metadata/jboss-metadata-ear/2.0.0.Alpha4/jboss-metadata-ear-2.0.0.Alpha4.jar:/home/martin/.m2/repository/org/jboss/ejb3/singleton/jboss-ejb3-singleton-aop-impl/1.0.0-alpha-16/jboss-ejb3-singleton-aop-impl-1.0.0-alpha-16.jar:/home/martin/.m2/repository/org/jboss/ejb3/singleton/jboss-ejb3-singleton-impl/1.0.0-alpha-16/jboss-ejb3-singleton-impl-1.0.0-alpha-16.jar:/home/martin/.m2/repository/org/jboss/ejb3/singleton/jboss-ejb3-singleton-spi/1.0.0-alpha-16/jboss-ejb3-singleton-spi-1.0.0-alpha-16.jar:/home/martin/.m2/repository/org/jboss/ejb3/container/jboss-ejb3-container-spi/1.0.0-alpha-2/jboss-ejb3-container-spi-1.0.0-alpha-2.jar:/home/martin/.m2/repository/org/jboss/ejb3/concurrency/jboss-ejb3-concurrency-aop/1.0.0-alpha-1/jboss-ejb3-concurrency-aop-1.0.0-alpha-1.jar:/home/martin/.m2/repository/org/jboss/ejb3/concurrency/jboss-ejb3-concurrency-impl/1.0.0-alpha-1/jboss-ejb3-concurrency-impl-1.0.0-alpha-1.jar:/home/martin/.m2/repository/org/jboss/ejb3/singleton/jboss-ejb3-singleton-deployer/1.0.0-alpha-16/jboss-ejb3-singleton-deployer-1.0.0-alpha-16.jar:/home/martin/.m2/repository/org/jboss/ejb3/singleton/jboss-ejb3-singleton-proxy-impl/1.0.0-alpha-16/jboss-ejb3-singleton-proxy-impl-1.0.0-alpha-16.jar:/home/martin/.m2/repository/org/jboss/ejb3/proxy/proxy-reflect/1.0.0-alpha-1/proxy-reflect-1.0.0-alpha-1.jar:/home/martin/.m2/repository/org/jboss/ejb3/timerservice/jboss-ejb3-timerservice-mk2/1.0.0-alpha-10/jboss-ejb3-timerservice-mk2-1.0.0-alpha-10.jar:/home/martin/.m2/repository/org/jboss/ejb3/timerservice/ejb31-calendar-expr-parser/1.0.0-alpha-10/ejb31-calendar-expr-parser-1.0.0-alpha-10.jar:/home/martin/.m2/repository/javax/validation/validation-api/1.0.0.GA/validation-api-1.0.0.GA.jar:/home/martin/.m2/repository/org/jboss/ejb3/statefulcache/jboss-ejb3-statefulcache-ispn/1.0.0-alpha-3/jboss-ejb3-statefulcache-ispn-1.0.0-alpha-3.jar:/home/martin/.m2/repository/org/jboss/cluster/jboss-ha-server-ispn/1.0.0.CR4/jboss-ha-server-ispn-1.0.0.CR4.jar:/home/martin/.m2/repository/org/infinispan/infinispan-core/4.2.0.BETA1/infinispan-core-4.2.0.BETA1.jar:/home/martin/.m2/repository/org/jgroups/jgroups/2.10.1.GA/jgroups-2.10.1.GA.jar:/home/martin/.m2/repository/org/jboss/marshalling/river/1.2.3.GA/river-1.2.3.GA.jar:/home/martin/.m2/repository/org/jboss/marshalling/marshalling-api/1.2.3.GA/marshalling-api-1.2.3.GA.jar:/home/martin/.m2/repository/org/rhq/helpers/rhq-pluginAnnotations/3.0.1/rhq-pluginAnnotations-3.0.1.jar:/home/martin/.m2/repository/i18nlog/i18nlog/1.0.10/i18nlog-1.0.10.jar:/home/martin/.m2/repository/org/jboss/cluster/jboss-ha-server-core/1.0.0.CR1/jboss-ha-server-core-1.0.0.CR1.jar:/home/martin/.m2/repository/org/jboss/ejb3/jboss-ejb3-core/1.6.3/jboss-ejb3-core-1.6.3-client.jar:/home/martin/.m2/repository/org/hibernate/hibernate-annotations/3.3.1.GA/hibernate-annotations-3.3.1.GA.jar:/home/martin/.m2/repository/org/jboss/microcontainer/jboss-kernel/2.0.8.GA/jboss-kernel-2.0.8.GA.jar:/home/martin/.m2/repository/org/jboss/microcontainer/jboss-aop-mc-int/2.0.4.GA/jboss-aop-mc-int-2.0.4.GA.jar:/home/martin/.m2/repository/org/jboss/ejb3/vfs/jboss-ejb3-vfs-impl-vfs3/1.0.0-alpha-1/jboss-ejb3-vfs-impl-vfs3-1.0.0-alpha-1.jar:/home/martin/.m2/repository/javax/xml/jaxrpc-api/1.1/jaxrpc-api-1.1.jar:/home/martin/.m2/repository/org/jboss/spec/javax/jms/jboss-jms-api_1.1_spec/1.0.0.Final/jboss-jms-api_1.1_spec-1.0.0.Final.jar:/home/martin/.m2/repository/org/jboss/jbossas/jboss-as-connector/6.0.0.20101110-CR1/jboss-as-connector-6.0.0.20101110-CR1.jar:/home/martin/.m2/repository/org/jboss/integration/jboss-integration/6.0.0.CR1/jboss-integration-6.0.0.CR1.jar:/home/martin/.m2/repository/org/jboss/spec/javax/resource/jboss-connector-api_1.5_spec/1.0.0.Final/jboss-connector-api_1.5_spec-1.0.0.Final.jar:/home/martin/.m2/repository/org/jboss/spec/javax/xml/bind/jboss-jaxb-api_2.2_spec/1.0.0.Final/jboss-jaxb-api_2.2_spec-1.0.0.Final.jar:/home/martin/.m2/repository/org/jboss/spec/javax/enterprise/deploy/jboss-jad-api_1.2_spec/1.0.0.Final/jboss-jad-api_1.2_spec-1.0.0.Final.jar:/home/martin/.m2/repository/org/picketbox/jboss-security-spi/3.0.0.CR2/jboss-security-spi-3.0.0.CR2.jar:/home/martin/.m2/repository/org/picketbox/jbosssx-client/3.0.0.CR2/jbosssx-client-3.0.0.CR2.jar:/home/martin/.m2/repository/org/jboss/metadata/jboss-metadata-client/2.0.0.Alpha2/jboss-metadata-client-2.0.0.Alpha2.jar:/home/martin/.m2/repository/org/jboss/metadata/jboss-metadata-rar/2.0.0.Alpha/jboss-metadata-rar-2.0.0.Alpha.jar:/home/martin/.m2/repository/org/jboss/metadata/jboss-metadata-war/2.0.0.Alpha15/jboss-metadata-war-2.0.0.Alpha15.jar:/home/martin/.m2/repository/org/jboss/spec/javax/security/jacc/jboss-jacc-api_1.4_spec/1.0.0.Final/jboss-jacc-api_1.4_spec-1.0.0.Final.jar:/home/martin/.m2/repository/org/jboss/spec/javax/servlet/jboss-servlet-api_3.0_spec/1.0.0.Beta2/jboss-servlet-api_3.0_spec-1.0.0.Beta2.jar:/home/martin/.m2/repository/org/jboss/mx/jboss-j2se/6.0.0.Beta5/jboss-j2se-6.0.0.Beta5.jar:/home/martin/.m2/repository/org/picketbox/jbosssx/3.0.0.CR2/jbosssx-3.0.0.CR2.jar:/home/martin/.m2/repository/org/picketbox/picketbox-bare/3.0.0.CR2/picketbox-bare-3.0.0.CR2.jar:/home/martin/.m2/repository/org/picketbox/identity-spi/3.0.0.CR2/identity-spi-3.0.0.CR2.jar:/home/martin/.m2/repository/org/picketbox/authorization-spi/3.0.0.CR2/authorization-spi-3.0.0.CR2.jar:/home/martin/.m2/repository/org/picketbox/acl-spi/3.0.0.CR2/acl-spi-3.0.0.CR2.jar:/home/martin/.m2/repository/org/picketbox/jbosssx-bare/3.0.0.CR2/jbosssx-bare-3.0.0.CR2.jar:/home/martin/.m2/repository/org/picketbox/picketbox-identity-impl/3.0.0.CR2/picketbox-identity-impl-3.0.0.CR2.jar:/home/martin/.m2/repository/org/picketbox/picketbox-spi-bare/3.0.0.CR2/picketbox-spi-bare-3.0.0.CR2.jar:/home/martin/.m2/repository/org/picketbox/picketbox-acl-impl/3.0.0.CR2/picketbox-acl-impl-3.0.0.CR2.jar:/home/martin/.m2/repository/org/jboss/security/jbossxacml/2.0.5.CR1/jbossxacml-2.0.5.CR1.jar:/home/martin/.m2/repository/org/jboss/spec/javax/security/auth/message/jboss-jaspi-api_1.0_spec/1.0.0.CR1/jboss-jaspi-api_1.0_spec-1.0.0.CR1.jar:/home/martin/.m2/repository/org/apache/xmlsec/1.4.3/xmlsec-1.4.3.jar:/home/martin/.m2/repository/org/jboss/aop/jboss-aop-deployers/2.2.1.Alpha3/jboss-aop-deployers-2.2.1.Alpha3.jar:/home/martin/.m2/repository/org/jboss/aop/jboss-aop-asintegration-mc/2.2.1.Alpha3/jboss-aop-asintegration-mc-2.2.1.Alpha3.jar:/home/martin/.m2/repository/org/jboss/classpool/jboss-classpool-jbosscl/1.0.0.Alpha6/jboss-classpool-jbosscl-1.0.0.Alpha6.jar:/home/martin/.m2/repository/org/jboss/classpool/jboss-classpool/1.0.0.Alpha6/jboss-classpool-1.0.0.Alpha6.jar:/home/martin/.m2/repository/org/jboss/classpool/jboss-classpool-scoped/1.0.0.Alpha6/jboss-classpool-scoped-1.0.0.Alpha6.jar:/home/martin/.m2/repository/org/jboss/aop/pluggable-instrumentor/2.2.1.Alpha3/pluggable-instrumentor-2.2.1.Alpha3.jar:/home/martin/.m2/repository/org/jboss/aop/jboss-aop-asintegration-core/2.2.1.Alpha3/jboss-aop-asintegration-core-2.2.1.Alpha3.jar:/home/martin/.m2/repository/org/jboss/kernel/jboss-aop-mc-int/2.2.0.Alpha10/jboss-aop-mc-int-2.2.0.Alpha10.jar:/home/martin/.m2/repository/org/jboss/bootstrap/jboss-bootstrap-spi-as/2.1.0-alpha-5/jboss-bootstrap-spi-as-2.1.0-alpha-5.jar:/home/martin/.m2/repository/org/jboss/bootstrap/jboss-bootstrap-spi-mc/2.1.0-alpha-5/jboss-bootstrap-spi-mc-2.1.0-alpha-5.jar:/home/martin/.m2/repository/org/jboss/bootstrap/jboss-bootstrap-spi/2.1.0-alpha-5/jboss-bootstrap-spi-2.1.0-alpha-5.jar:/home/martin/.m2/repository/org/jboss/bootstrap/jboss-bootstrap-api/2.1.0-alpha-5/jboss-bootstrap-api-2.1.0-alpha-5.jar:/home/martin/.m2/repository/org/jboss/bootstrap/jboss-bootstrap-api-mc/2.1.0-alpha-5/jboss-bootstrap-api-mc-2.1.0-alpha-5.jar:/home/martin/.m2/repository/org/jboss/bootstrap/jboss-bootstrap-api-as/2.1.0-alpha-5/jboss-bootstrap-api-as-2.1.0-alpha-5.jar:/home/martin/.m2/repository/org/jboss/profileservice/jboss-profileservice-core/0.1.0.Alpha1/jboss-profileservice-core-0.1.0.Alpha1.jar:/home/martin/.m2/repository/org/jboss/profileservice/jboss-profileservice-domain/0.1.0.Alpha1/jboss-profileservice-domain-0.1.0.Alpha1.jar:/home/martin/.m2/repository/org/jboss/profileservice/jboss-profileservice-spi/0.1.0.Alpha1/jboss-profileservice-spi-0.1.0.Alpha1.jar:/home/martin/.m2/repository/org/jboss/profileservice/jboss-profileservice-persistence/0.1.0.Alpha1/jboss-profileservice-persistence-0.1.0.Alpha1.jar:/home/martin/.m2/repository/org/jboss/jpa/jboss-jpa-vfs3/1.0.2-alpha-2/jboss-jpa-vfs3-1.0.2-alpha-2.jar:/home/martin/.m2/repository/org/jboss/injection/jboss-injection/0.1.0-alpha-2/jboss-injection-0.1.0-alpha-2.jar:/home/martin/.m2/repository/org/jboss/injection/jboss-resolver-spi/0.1.0-alpha-2/jboss-resolver-spi-0.1.0-alpha-2.jar:/home/martin/.m2/repository/org/jboss/injection/jboss-resolver-impl/0.1.0-alpha-2/jboss-resolver-impl-0.1.0-alpha-2.jar:/home/martin/.m2/repository/org/jboss/injection/jboss-injection-switchboard-deployer/0.1.0-alpha-2/jboss-injection-switchboard-deployer-0.1.0-alpha-2.jar:/home/martin/.m2/repository/org/jboss/injection/jboss-switchboard-metadata/0.1.0-alpha-2/jboss-switchboard-metadata-0.1.0-alpha-2.jar:/home/martin/.m2/repository/org/jboss/spec/javax/annotation/jboss-annotations-api_1.1_spec/1.0.0.Final/jboss-annotations-api_1.1_spec-1.0.0.Final.jar:/home/martin/.m2/repository/org/jboss/spec/javax/xml/soap/jboss-saaj-api_1.3_spec/1.0.0.Final/jboss-saaj-api_1.3_spec-1.0.0.Final.jar:/home/martin/.m2/repository/org/jboss/spec/javax/xml/ws/jboss-jaxws-api_2.2_spec/1.0.0.Final/jboss-jaxws-api_2.2_spec-1.0.0.Final.jar:/home/martin/.m2/repository/org/jboss/spec/javax/xml/rpc/jboss-jaxrpc-api_1.1_spec/1.0.0.Final/jboss-jaxrpc-api_1.1_spec-1.0.0.Final.jar:/home/martin/.m2/repository/gnu-getopt/getopt/1.0.12-brew/getopt-1.0.12-brew.jar:/home/martin/.m2/repository/org/jboss/service/binding/jboss-service-binding-core/1.2.0.Final/jboss-service-binding-core-1.2.0.Final.jar:/home/martin/.m2/repository/org/jboss/service/binding/jboss-service-binding-mgmt/1.2.0.Final/jboss-service-binding-mgmt-1.2.0.Final.jar:/home/martin/.m2/repository/org/jboss/scanning/scanning-plugins/1.0.0.Alpha7/scanning-plugins-1.0.0.Alpha7.jar:/home/martin/.m2/repository/org/jboss/scanning/scanning-spi/1.0.0.Alpha7/scanning-spi-1.0.0.Alpha7.jar:/home/martin/.m2/repository/org/jboss/scanning/scanning-impl/1.0.0.Alpha7/scanning-impl-1.0.0.Alpha7.jar:/home/martin/.m2/repository/org/jboss/scanning/scanning-deployers/1.0.0.Alpha7/scanning-deployers-1.0.0.Alpha7.jar:/home/martin/.m2/repository/org/jboss/logging/jboss-logging-log4j/2.1.0.GA/jboss-logging-log4j-2.1.0.GA.jar:/home/martin/.m2/repository/org/jboss/security/jboss-security-spi/2.0.4.SP2/jboss-security-spi-2.0.4.SP2.jar:/home/martin/.m2/repository/org/jboss/mx/jboss-jmx/6.0.0.Beta5/jboss-jmx-6.0.0.Beta5.jar:/home/martin/.m2/repository/org/jboss/mx/jboss-mbeans/6.0.0.Beta5/jboss-mbeans-6.0.0.Beta5.jar:/home/martin/.m2/repository/org/jboss/mx/jboss-jmx-annotations/6.0.0.Beta5/jboss-jmx-annotations-6.0.0.Beta5.jar:/home/martin/.m2/repository/org/jboss/kernel/jboss-jmx-mc-int/2.2.0.Alpha10/jboss-jmx-mc-int-2.2.0.Alpha10.jar:/home/martin/.m2/repository/org/jboss/mx/jboss-mbeanserver/6.0.0.Beta5/jboss-mbeanserver-6.0.0.Beta5.jar:/home/martin/.m2/repository/org/jboss/deployers/jboss-deployers-jmx/2.2.0.Alpha8/jboss-deployers-jmx-2.2.0.Alpha8.jar:/home/martin/.m2/repository/org/jboss/stdio/jboss-stdio/1.0.0.CR3/jboss-stdio-1.0.0.CR3.jar:/home/martin/.m2/repository/org/jboss/threads/jboss-threads/2.0.0.CR7/jboss-threads-2.0.0.CR7.jar:/home/martin/.m2/repository/org/quartz-scheduler/quartz/1.8.3/quartz-1.8.3.jar:/home/martin/.m2/repository/org/jboss/jbossas/jboss-as-iiop/6.0.0.20101110-CR1/jboss-as-iiop-6.0.0.20101110-CR1.jar:/home/martin/.m2/repository/org/jboss/jbossts/jbossjts/4.13.1.Final/jbossjts-4.13.1.Final.jar:/home/martin/.m2/repository/commons-codec/commons-codec/1.3/commons-codec-1.3.jar:/home/martin/.m2/repository/org/slf4j/jcl-over-slf4j/1.5.6/jcl-over-slf4j-1.5.6.jar:/home/martin/.m2/repository/emma/emma/2.0.5312/emma-2.0.5312.jar:/home/martin/.m2/repository/emma/emma_ant/2.0.5312/emma_ant-2.0.5312.jar:/home/martin/.m2/repository/org/hornetq/hornetq-core/2.1.1.Final/hornetq-core-2.1.1.Final.jar:/home/martin/.m2/repository/tanukisoft/wrapper/3.2.3/wrapper-3.2.3.jar:/home/martin/.m2/repository/jacorb/idl/2.3.1jboss.patch01-brew/idl-2.3.1jboss.patch01-brew.jar:/home/martin/.m2/repository/jfree/jfreechart/1.0.2/jfreechart-1.0.2.jar:/home/martin/.m2/repository/jfree/jcommon/1.0.2/jcommon-1.0.2.jar:/home/martin/.m2/repository/org/jboss/logmanager/jboss-logmanager/1.2.0.CR2/jboss-logmanager-1.2.0.CR2.jar:/home/martin/.m2/repository/org/jboss/integration/jboss-corba-ots-spi/6.0.0.CR1/jboss-corba-ots-spi-6.0.0.CR1.jar:/home/martin/.m2/repository/org/jboss/ws/native/jbossws-native-core/3.3.0.GA/jbossws-native-core-3.3.0.GA.jar:/home/martin/.m2/repository/org/jboss/ws/jbossws-common/1.4.0.Beta1/jbossws-common-1.4.0.Beta1.jar:/home/martin/.m2/repository/jboss/jaxbintros/jboss-jaxb-intros/1.0.2.GA/jboss-jaxb-intros-1.0.2.GA.jar:/home/martin/.m2/repository/commons-beanutils/commons-beanutils/1.7.0/commons-beanutils-1.7.0.jar:/home/martin/.m2/repository/org/jboss/ws/jbossws-framework/3.3.0.GA/jbossws-framework-3.3.0.GA.jar:/home/martin/.m2/repository/org/jboss/ws/native/jbossws-native-factories/3.3.0.GA/jbossws-native-factories-3.3.0.GA.jar:/home/martin/.m2/repository/javax/jws/jsr181-api/1.0-MR1/jsr181-api-1.0-MR1.jar:/home/martin/.m2/repository/com/sun/xml/bind/jaxb-xjc/2.2/jaxb-xjc-2.2.jar:/home/martin/.m2/repository/com/sun/xml/ws/jaxws-rt/2.2/jaxws-rt-2.2.jar:/home/martin/.m2/repository/com/sun/xml/stream/buffer/streambuffer/1.0/streambuffer-1.0.jar:/home/martin/.m2/repository/org/jvnet/staxex/stax-ex/1.2/stax-ex-1.2.jar:/home/martin/.m2/repository/org/codehaus/woodstox/wstx-asl/3.2.3/wstx-asl-3.2.3.jar:/home/martin/.m2/repository/com/sun/org/apache/xml/internal/resolver/20050927/resolver-20050927.jar:/home/martin/.m2/repository/com/sun/xml/ws/policy/2.0-b01/policy-2.0-b01.jar:/home/martin/.m2/repository/com/sun/xml/txw2/txw2/20090102/txw2-20090102.jar:/home/martin/.m2/repository/com/sun/istack/istack-commons-runtime/1.1/istack-commons-runtime-1.1.jar:/home/martin/.m2/repository/woodstox/wstx-asl/3.2.1/wstx-asl-3.2.1.jar:/home/martin/.m2/repository/com/sun/xml/ws/jaxws-tools/2.2/jaxws-tools-2.2.jar:/home/martin/.m2/repository/org/codehaus/jettison/jettison/1.0-RC2/jettison-1.0-RC2.jar:/home/martin/.m2/repository/org/jboss/netty/netty/3.2.0.BETA1/netty-3.2.0.BETA1.jar:/home/martin/.m2/repository/org/codehaus/woodstox/wstx-lgpl/3.2.6/wstx-lgpl-3.2.6.jar:/home/martin/.m2/repository/wsdl4j/wsdl4j/1.6.2/wsdl4j-1.6.2.jar:/home/martin/.m2/repository/javax/servlet/servlet-api/2.5/servlet-api-2.5.jar:/home/martin/.m2/repository/javax/servlet/jsp/jsp-api/2.1/jsp-api-2.1.jar:/home/martin/.m2/repository/org/springframework/spring-core/3.1.0.RELEASE/spring-core-3.1.0.RELEASE.jar:/home/martin/.m2/repository/org/springframework/spring-asm/3.1.0.RELEASE/spring-asm-3.1.0.RELEASE.jar:/home/martin/.m2/repository/org/springframework/spring-web/3.1.0.RELEASE/spring-web-3.1.0.RELEASE.jar:/home/martin/.m2/repository/aopalliance/aopalliance/1.0/aopalliance-1.0.jar:/home/martin/.m2/repository/org/springframework/spring-beans/3.1.0.RELEASE/spring-beans-3.1.0.RELEASE.jar:/home/martin/.m2/repository/org/springframework/spring-context/3.1.0.RELEASE/spring-context-3.1.0.RELEASE.jar:/home/martin/.m2/repository/org/springframework/spring-aop/3.1.0.RELEASE/spring-aop-3.1.0.RELEASE.jar:/home/martin/.m2/repository/org/springframework/spring-expression/3.1.0.RELEASE/spring-expression-3.1.0.RELEASE.jar:/home/martin/.m2/repository/org/springframework/spring-webmvc/3.1.0.RELEASE/spring-webmvc-3.1.0.RELEASE.jar:/home/martin/.m2/repository/org/springframework/spring-context-support/3.1.0.RELEASE/spring-context-support-3.1.0.RELEASE.jar:/home/martin/.m2/repository/org/springframework/spring-tx/3.1.0.RELEASE/spring-tx-3.1.0.RELEASE.jar:/home/martin/.m2/repository/org/springframework/spring-orm/3.1.0.RELEASE/spring-orm-3.1.0.RELEASE.jar:/home/martin/.m2/repository/org/springframework/spring-jdbc/3.1.0.RELEASE/spring-jdbc-3.1.0.RELEASE.jar:/home/martin/.m2/repository/org/aspectj/aspectjrt/1.6.11/aspectjrt-1.6.11.jar:/home/martin/.m2/repository/org/aspectj/aspectjweaver/1.6.11/aspectjweaver-1.6.11.jar:/home/martin/.m2/repository/org/apache/tiles/tiles-core/2.1.3/tiles-core-2.1.3.jar:/home/martin/.m2/repository/org/apache/tiles/tiles-api/2.1.3/tiles-api-2.1.3.jar:/home/martin/.m2/repository/commons-logging/commons-logging-api/1.1/commons-logging-api-1.1.jar:/home/martin/.m2/repository/commons-digester/commons-digester/1.8.1/commons-digester-1.8.1.jar:/home/martin/.m2/repository/org/apache/tiles/tiles-jsp/2.1.3/tiles-jsp-2.1.3.jar:/home/martin/.m2/repository/org/apache/tiles/tiles-servlet/2.1.3/tiles-servlet-2.1.3.jar:/home/martin/.m2/repository/displaytag/displaytag/1.2/displaytag-1.2.jar:/home/martin/.m2/repository/com/lowagie/itext/1.3/itext-1.3.jar:/home/martin/.m2/repository/org/slf4j/jcl104-over-slf4j/1.4.2/jcl104-over-slf4j-1.4.2.jar:/home/martin/.m2/repository/javax/servlet/jstl/1.2/jstl-1.2.jar:/home/martin/.m2/repository/net/disy/jquery/jquery/1.4.2/jquery-1.4.2.jar:/home/martin/.m2/repository/org/codehaus/jackson/jackson-mapper-asl/1.6.4/jackson-mapper-asl-1.6.4.jar:/home/martin/.m2/repository/org/codehaus/jackson/jackson-core-asl/1.6.4/jackson-core-asl-1.6.4.jar:/home/martin/.m2/repository/net/sf/json-lib/json-lib/2.4/json-lib-2.4-jdk15.jar:/home/martin/.m2/repository/net/sf/ezmorph/ezmorph/1.0.6/ezmorph-1.0.6.jar:/home/martin/.m2/repository/net/sf/ehcache/ehcache/1.5.0/ehcache-1.5.0.jar:/home/martin/.m2/repository/backport-util-concurrent/backport-util-concurrent/3.1/backport-util-concurrent-3.1.jar:/home/martin/.m2/repository/net/sf/jsr107cache/jsr107cache/1.0/jsr107cache-1.0.jar:"/>
    <property name="java.specification.name" value="Java Platform API Specification"/>
    <property name="java.class.version" value="50.0"/>
    <property name="sun.management.compiler" value="HotSpot 64-Bit Tiered Compilers"/>
    <property name="os.version" value="3.0.0-15-generic"/>
    <property name="user.home" value="/home/martin"/>
    <property name="user.timezone" value=""/>
    <property name="java.awt.printerjob" value="sun.print.PSPrinterJob"/>
    <property name="file.encoding" value="UTF-8"/>
    <property name="java.specification.version" value="1.6"/>
    <property name="user.name" value="martin"/>
    <property name="java.class.path" value="/home/martin/qin jboss sin ejb spring transactions/qinweb/target/test-classes:/home/martin/qin jboss sin ejb spring transactions/qinweb/target/classes:/home/martin/qin jboss sin ejb spring transactions/qinejb/target/qinejb-1.0.jar:/home/martin/.m2/repository/org/slf4j/slf4j-log4j12/1.5.11/slf4j-log4j12-1.5.11.jar:/home/martin/.m2/repository/org/slf4j/slf4j-api/1.5.11/slf4j-api-1.5.11.jar:/home/martin/.m2/repository/log4j/log4j/1.2.15/log4j-1.2.15.jar:/home/martin/.m2/repository/javax/mail/mail/1.4/mail-1.4.jar:/home/martin/.m2/repository/javax/activation/activation/1.1.1/activation-1.1.1.jar:/home/martin/.m2/repository/javax/jms/jms/1.1/jms-1.1.jar:/home/martin/.m2/repository/com/sun/jdmk/jmxtools/1.2.1/jmxtools-1.2.1.jar:/home/martin/.m2/repository/com/sun/jmx/jmxri/1.2.1/jmxri-1.2.1.jar:/home/martin/.m2/repository/commons-logging/commons-logging/1.1.1/commons-logging-1.1.1.jar:/home/martin/.m2/repository/joda-time/joda-time/1.6/joda-time-1.6.jar:/home/martin/.m2/repository/commons-lang/commons-lang/2.1/commons-lang-2.1.jar:/home/martin/.m2/repository/org/jboss/jbossas/jboss-as-ejb3/6.0.0.20101110-CR1/jboss-as-ejb3-6.0.0.20101110-CR1.jar:/home/martin/.m2/repository/xml-apis/xml-apis/1.3.04/xml-apis-1.3.04.jar:/home/martin/.m2/repository/cglib/cglib/2.1_3/cglib-2.1_3.jar:/home/martin/.m2/repository/asm/asm/1.5.3/asm-1.5.3.jar:/home/martin/.m2/repository/org/hibernate/hibernate-core/3.6.0.Final/hibernate-core-3.6.0.Final.jar:/home/martin/.m2/repository/antlr/antlr/2.7.6/antlr-2.7.6.jar:/home/martin/.m2/repository/commons-collections/commons-collections/3.1/commons-collections-3.1.jar:/home/martin/.m2/repository/dom4j/dom4j/1.6.1/dom4j-1.6.1.jar:/home/martin/.m2/repository/org/hibernate/hibernate-commons-annotations/3.2.0.Final/hibernate-commons-annotations-3.2.0.Final.jar:/home/martin/.m2/repository/org/hibernate/javax/persistence/hibernate-jpa-2.0-api/1.0.0.Final/hibernate-jpa-2.0-api-1.0.0.Final.jar:/home/martin/.m2/repository/jacorb/jacorb/2.3.1jboss.patch01-brew/jacorb-2.3.1jboss.patch01-brew.jar:/home/martin/.m2/repository/org/jboss/logging/jboss-logging/3.0.0.Beta4/jboss-logging-3.0.0.Beta4.jar:/home/martin/.m2/repository/org/jboss/remoting/jboss-remoting/2.5.3/jboss-remoting-2.5.3.jar:/home/martin/.m2/repository/org/hibernate/hibernate-entitymanager/3.6.0.Final/hibernate-entitymanager-3.6.0.Final.jar:/home/martin/.m2/repository/javassist/javassist/3.12.0.GA/javassist-3.12.0.GA.jar:/home/martin/.m2/repository/org/jboss/jboss-common-core/2.2.17.GA/jboss-common-core-2.2.17.GA.jar:/home/martin/.m2/repository/org/jboss/jboss-vfs/3.0.0.CR5/jboss-vfs-3.0.0.CR5.jar:/home/martin/.m2/repository/org/jboss/jbossxb/2.0.2.Beta9/jbossxb-2.0.2.Beta9.jar:/home/martin/.m2/repository/org/jboss/logging/jboss-logging-spi/2.0.5.GA/jboss-logging-spi-2.0.5.GA.jar:/home/martin/.m2/repository/org/jboss/jboss-reflect/2.0.2.GA/jboss-reflect-2.0.2.GA.jar:/home/martin/.m2/repository/xerces/xercesImpl/2.9.1/xercesImpl-2.9.1.jar:/home/martin/.m2/repository/com/wutka/dtdparser/1.21/dtdparser-1.21.jar:/home/martin/.m2/repository/sun-jaxb/jaxb-api/2.1.9/jaxb-api-2.1.9.jar:/home/martin/.m2/repository/org/jboss/cluster/jboss-ha-client/1.1.2.Final/jboss-ha-client-1.1.2.Final.jar:/home/martin/.m2/repository/org/jboss/ejb3/async/jboss-ejb3-async-impl/1.0.0-alpha-5/jboss-ejb3-async-impl-1.0.0-alpha-5.jar:/home/martin/.m2/repository/org/jboss/ejb3/async/jboss-ejb3-async-spi/1.0.0-alpha-5/jboss-ejb3-async-spi-1.0.0-alpha-5.jar:/home/martin/.m2/repository/org/jboss/ejb3/context/jboss-ejb3-context-spi/0.2.0/jboss-ejb3-context-spi-0.2.0.jar:/home/martin/.m2/repository/org/jboss/ejb3/async/jboss-ejb3-async-deployer/1.0.0-alpha-5/jboss-ejb3-async-deployer-1.0.0-alpha-5.jar:/home/martin/.m2/repository/org/jboss/ejb3/jboss-ejb3-cache/1.0.0/jboss-ejb3-cache-1.0.0.jar:/home/martin/.m2/repository/trove/trove/1.0.2/trove-1.0.2.jar:/home/martin/.m2/repository/jboss/jboss-serialization/1.0.3.GA/jboss-serialization-1.0.3.GA.jar:/home/martin/.m2/repository/org/jboss/ejb3/jboss-ejb3-common/1.0.2/jboss-ejb3-common-1.0.2.jar:/home/martin/.m2/repository/org/jboss/aop/jboss-aop/2.1.1.GA/jboss-aop-2.1.1.GA.jar:/home/martin/.m2/repository/apache-xerces/xml-apis/2.9.1/xml-apis-2.9.1.jar:/home/martin/.m2/repository/org/apache/ant/ant/1.7.0/ant-1.7.0.jar:/home/martin/.m2/repository/org/apache/ant/ant-launcher/1.7.0/ant-launcher-1.7.0.jar:/home/martin/.m2/repository/org/jboss/jboss-mdr/2.2.0.Alpha3/jboss-mdr-2.2.0.Alpha3.jar:/home/martin/.m2/repository/qdox/qdox/1.6.1/qdox-1.6.1.jar:/home/martin/.m2/repository/org/jboss/deployers/jboss-deployers-spi/2.2.0.Alpha8/jboss-deployers-spi-2.2.0.Alpha8.jar:/home/martin/.m2/repository/org/jboss/deployers/jboss-deployers-structure-spi/2.2.0.Alpha8/jboss-deployers-structure-spi-2.2.0.Alpha8.jar:/home/martin/.m2/repository/org/jboss/deployers/jboss-deployers-client-spi/2.2.0.Alpha8/jboss-deployers-client-spi-2.2.0.Alpha8.jar:/home/martin/.m2/repository/org/jboss/deployers/jboss-deployers-core-spi/2.2.0.Alpha8/jboss-deployers-core-spi-2.2.0.Alpha8.jar:/home/martin/.m2/repository/org/jboss/man/jboss-managed/2.1.1.SP2/jboss-managed-2.1.1.SP2.jar:/home/martin/.m2/repository/org/jboss/man/jboss-metatype/2.1.1.SP2/jboss-metatype-2.1.1.SP2.jar:/home/martin/.m2/repository/org/jboss/integration/jboss-classloading-spi/6.0.0.CR1/jboss-classloading-spi-6.0.0.CR1.jar:/home/martin/.m2/repository/org/jboss/ejb3/jboss-ejb3-core/1.6.3/jboss-ejb3-core-1.6.3.jar:/home/martin/.m2/repository/org/jboss/integration/jboss-jca-spi/5.0.3.GA/jboss-jca-spi-5.0.3.GA.jar:/home/martin/.m2/repository/org/jboss/aop/jboss-aop-aspects/2.0.0.SP1/jboss-aop-aspects-2.0.0.SP1.jar:/home/martin/.m2/repository/bsh/bsh/1.3.0/bsh-1.3.0.jar:/home/martin/.m2/repository/junit/junit/4.8.1/junit-4.8.1.jar:/home/martin/.m2/repository/org/jboss/aspects/jboss-remoting-aspects/1.0.2/jboss-remoting-aspects-1.0.2.jar:/home/martin/.m2/repository/org/jboss/aspects/jboss-transaction-aspects/1.0.0.GA/jboss-transaction-aspects-1.0.0.GA.jar:/home/martin/.m2/repository/org/jboss/integration/jboss-transaction-spi/6.0.0.CR1/jboss-transaction-spi-6.0.0.CR1.jar:/home/martin/.m2/repository/org/jboss/aspects/jboss-security-aspects/1.0.0.GA/jboss-security-aspects-1.0.0.GA.jar:/home/martin/.m2/repository/javax/security/jacc/1.0/jacc-1.0.jar:/home/martin/.m2/repository/org/jboss/cluster/jboss-ha-server-api/1.1.1.GA/jboss-ha-server-api-1.1.1.GA.jar:/home/martin/.m2/repository/org/jboss/ejb3/jboss-ejb3-endpoint/0.1.0/jboss-ejb3-endpoint-0.1.0.jar:/home/martin/.m2/repository/org/jboss/ejb3/jboss-ejb3-jpa-int/1.0.0/jboss-ejb3-jpa-int-1.0.0.jar:/home/martin/.m2/repository/org/jboss/ejb3/jboss-ejb3-security/1.0.2/jboss-ejb3-security-1.0.2.jar:/home/martin/.m2/repository/org/jboss/aspects/jboss-current-invocation-aspects/1.0.0.CR1/jboss-current-invocation-aspects-1.0.0.CR1.jar:/home/martin/.m2/repository/org/jboss/ejb3/jboss-ejb3-interceptors/1.0.8/jboss-ejb3-interceptors-1.0.8.jar:/home/martin/.m2/repository/org/jboss/ejb3/jboss-ejb3-metadata/1.0.0/jboss-ejb3-metadata-1.0.0.jar:/home/martin/.m2/repository/org/jboss/ejb3/jboss-ejb3-ext-api/1.1.1/jboss-ejb3-ext-api-1.1.1.jar:/home/martin/.m2/repository/org/jboss/ejb3/jboss-ejb3-ext-api-impl/1.1.1/jboss-ejb3-ext-api-impl-1.1.1.jar:/home/martin/.m2/repository/org/jboss/ejb3/jboss-ejb3-timerservice-spi/1.0.4/jboss-ejb3-timerservice-spi-1.0.4.jar:/home/martin/.m2/repository/org/jboss/ejb3/jboss-ejb3-proxy-impl/1.0.11/jboss-ejb3-proxy-impl-1.0.11.jar:/home/martin/.m2/repository/org/jboss/ejb3/jboss-ejb3-proxy-spi/1.0.0/jboss-ejb3-proxy-spi-1.0.0.jar:/home/martin/.m2/repository/org/jboss/naming/jnpserver/5.0.5.Final/jnpserver-5.0.5.Final.jar:/home/martin/.m2/repository/org/jboss/ejb3/jboss-ejb3-proxy-clustered/1.0.5-alpha-1/jboss-ejb3-proxy-clustered-1.0.5-alpha-1.jar:/home/martin/.m2/repository/org/jboss/ejb3/jboss-ejb3-transactions/1.0.3/jboss-ejb3-transactions-1.0.3.jar:/home/martin/.m2/repository/oswego-concurrent/concurrent/1.3.4-jboss-update1/concurrent-1.3.4-jboss-update1.jar:/home/martin/.m2/repository/org/jboss/ejb3/context/jboss-ejb3-context-base/0.1.1/jboss-ejb3-context-base-0.1.1.jar:/home/martin/.m2/repository/org/jboss/ejb3/context/jboss-ejb3-context-naming/0.1.1/jboss-ejb3-context-naming-0.1.1.jar:/home/martin/.m2/repository/org/jboss/ejb3/effigy/jboss-ejb3-effigy-common/0.1.0/jboss-ejb3-effigy-common-0.1.0.jar:/home/martin/.m2/repository/org/jboss/ejb3/effigy/jboss-ejb3-effigy-api/0.1.0/jboss-ejb3-effigy-api-0.1.0.jar:/home/martin/.m2/repository/org/jboss/ejb3/ejbref/resolver/ejbref-resolver-spi/1.0.0-alpha-4/ejbref-resolver-spi-1.0.0-alpha-4.jar:/home/martin/.m2/repository/org/jboss/ejb3/timeout/jboss-ejb3-timeout-spi/0.2.0/jboss-ejb3-timeout-spi-0.2.0.jar:/home/martin/.m2/repository/org/jboss/ejb3/tx2/jboss-ejb3-tx2-aop/0.0.1/jboss-ejb3-tx2-aop-0.0.1.jar:/home/martin/.m2/repository/org/jboss/ejb3/tx2/jboss-ejb3-tx2-impl/0.0.1/jboss-ejb3-tx2-impl-0.0.1.jar:/home/martin/.m2/repository/org/jboss/ejb3/tx2/jboss-ejb3-tx2-spi/0.0.1/jboss-ejb3-tx2-spi-0.0.1.jar:/home/martin/.m2/repository/org/jboss/ejb3/vfs/jboss-ejb3-vfs-spi/1.0.0-alpha-1/jboss-ejb3-vfs-spi-1.0.0-alpha-1.jar:/home/martin/.m2/repository/org/jboss/ws/jbossws-spi/1.0.3.GA/jbossws-spi-1.0.3.GA.jar:/home/martin/.m2/repository/org/jboss/ejb3/instantiator/jboss-ejb3-instantiator-spi/1.0.0-alpha-4/jboss-ejb3-instantiator-spi-1.0.0-alpha-4.jar:/home/martin/.m2/repository/org/jboss/ejb3/instantiator/jboss-ejb3-instantiator-impl/1.0.0-alpha-4/jboss-ejb3-instantiator-impl-1.0.0-alpha-4.jar:/home/martin/.m2/repository/org/jboss/jpa/jboss-jpa-deployers/1.0.2-alpha-1/jboss-jpa-deployers-1.0.2-alpha-1.jar:/home/martin/.m2/repository/org/jboss/deployers/jboss-deployers-vfs/2.0.8.GA/jboss-deployers-vfs-2.0.8.GA.jar:/home/martin/.m2/repository/org/jboss/deployers/jboss-deployers-vfs-spi/2.2.0.Alpha8/jboss-deployers-vfs-spi-2.2.0.Alpha8.jar:/home/martin/.m2/repository/org/jboss/cl/jboss-classloading/2.2.0.Alpha9/jboss-classloading-2.2.0.Alpha9.jar:/home/martin/.m2/repository/org/jboss/cl/jboss-classloader/2.2.0.Alpha9/jboss-classloader-2.2.0.Alpha9.jar:/home/martin/.m2/repository/stax/stax-api/1.0/stax-api-1.0.jar:/home/martin/.m2/repository/org/jboss/cl/jboss-classloading-vfs/2.0.6.GA/jboss-classloading-vfs-2.0.6.GA.jar:/home/martin/.m2/repository/org/jboss/deployers/jboss-deployers-core/2.0.8.GA/jboss-deployers-core-2.0.8.GA.jar:/home/martin/.m2/repository/org/jboss/deployers/jboss-deployers-client/2.0.8.GA/jboss-deployers-client-2.0.8.GA.jar:/home/martin/.m2/repository/org/jboss/deployers/jboss-deployers-impl/2.0.8.GA/jboss-deployers-impl-2.0.8.GA.jar:/home/martin/.m2/repository/org/jboss/jpa/jboss-jpa-impl/1.0.0/jboss-jpa-impl-1.0.0.jar:/home/martin/.m2/repository/org/jboss/jpa/jboss-jpa-spi/1.0.0/jboss-jpa-spi-1.0.0.jar:/home/martin/.m2/repository/org/jboss/ejb3/jboss-ejb3-deployers/1.1.5/jboss-ejb3-deployers-1.1.5.jar:/home/martin/.m2/repository/org/jboss/jbossas/jboss-as-server/6.0.0.20101110-CR1/jboss-as-server-6.0.0.20101110-CR1.jar:/home/martin/.m2/repository/org/jboss/jbossas/jboss-as-deployment/6.0.0.20101110-CR1/jboss-as-deployment-6.0.0.20101110-CR1.jar:/home/martin/.m2/repository/org/hibernate/ejb3-persistence/1.0.1.GA/ejb3-persistence-1.0.1.GA.jar:/home/martin/.m2/repository/org/jboss/naming/jnp-client/5.0.5.Final/jnp-client-5.0.5.Final.jar:/home/martin/.m2/repository/org/jboss/jbossas/jboss-as-security/6.0.0.20101110-CR1/jboss-as-security-6.0.0.20101110-CR1.jar:/home/martin/.m2/repository/org/jboss/jbossas/jboss-as-system-jmx/6.0.0.20101110-CR1/jboss-as-system-jmx-6.0.0.20101110-CR1.jar:/home/martin/.m2/repository/org/jboss/jbossas/jboss-as-main/6.0.0.20101110-CR1/jboss-as-main-6.0.0.20101110-CR1.jar:/home/martin/.m2/repository/org/jboss/jbossas/jboss-as-system/6.0.0.20101110-CR1/jboss-as-system-6.0.0.20101110-CR1.jar:/home/martin/.m2/repository/bcel/bcel/5.1/bcel-5.1.jar:/home/martin/.m2/repository/regexp/regexp/1.2/regexp-1.2.jar:/home/martin/.m2/repository/org/jboss/test/jboss-test/1.1.7.CR2/jboss-test-1.1.7.CR2.jar:/home/martin/.m2/repository/jboss/profiler/jvmti/jboss-profiler-jvmti/1.0.0.CR5/jboss-profiler-jvmti-1.0.0.CR5.jar:/home/martin/.m2/repository/org/jboss/jbossas/jboss-server-manager/1.0.3.GA/jboss-server-manager-1.0.3.GA.jar:/home/martin/.m2/repository/org/jboss/integration/jboss-deployment-spi/6.0.0.CR1/jboss-deployment-spi-6.0.0.CR1.jar:/home/martin/.m2/repository/org/jboss/ejb3/effigy/jboss-ejb3-effigy-int2/0.1.0/jboss-ejb3-effigy-int2-0.1.0.jar:/home/martin/.m2/repository/org/jboss/metadata/jboss-metadata-ejb/2.0.0-alpha-22/jboss-metadata-ejb-2.0.0-alpha-22.jar:/home/martin/.m2/repository/org/jboss/spec/javax/ejb/jboss-ejb-api_3.1_spec/1.0.0.CR2/jboss-ejb-api_3.1_spec-1.0.0.CR2.jar:/home/martin/.m2/repository/org/jboss/spec/javax/transaction/jboss-transaction-api_1.1_spec/1.0.0.Beta1/jboss-transaction-api_1.1_spec-1.0.0.Beta1.jar:/home/martin/.m2/repository/org/jboss/metadata/jboss-metadata-common/2.0.0.Alpha11/jboss-metadata-common-2.0.0.Alpha11.jar:/home/martin/.m2/repository/jboss/jbossws/jboss-jaxws/3.0.1-native-2.0.4.GA/jboss-jaxws-3.0.1-native-2.0.4.GA.jar:/home/martin/.m2/repository/org/jboss/ejb3/ejbref/resolver/ejbref-resolver-ejb31-impl/1.0.0-alpha-4/ejbref-resolver-ejb31-impl-1.0.0-alpha-4.jar:/home/martin/.m2/repository/org/jboss/ejb3/ejbref/resolver/ejbref-resolver-ejb30-impl/1.0.0-alpha-4/ejbref-resolver-ejb30-impl-1.0.0-alpha-4.jar:/home/martin/.m2/repository/org/jboss/ejb3/instantiator/jboss-ejb3-instantiator-deployer/1.0.0-alpha-4/jboss-ejb3-instantiator-deployer-1.0.0-alpha-4.jar:/home/martin/.m2/repository/org/jboss/reloaded/naming/jboss-reloaded-naming-deployers/0.2.0/jboss-reloaded-naming-deployers-0.2.0.jar:/home/martin/.m2/repository/org/jboss/kernel/jboss-kernel/2.2.0.Alpha10/jboss-kernel-2.2.0.Alpha10.jar:/home/martin/.m2/repository/org/jboss/kernel/jboss-dependency/2.2.0.Alpha10/jboss-dependency-2.2.0.Alpha10.jar:/home/martin/.m2/repository/javax/inject/javax.inject/1/javax.inject-1.jar:/home/martin/.m2/repository/org/jboss/reloaded/naming/jboss-reloaded-naming-impl/0.2.0/jboss-reloaded-naming-impl-0.2.0.jar:/home/martin/.m2/repository/org/jboss/reloaded/naming/jboss-reloaded-naming-spi/0.2.0/jboss-reloaded-naming-spi-0.2.0.jar:/home/martin/.m2/repository/org/jboss/ejb3/jndi/jboss-ejb3-jndi-binder/0.1.2/jboss-ejb3-jndi-binder-0.1.2.jar:/home/martin/.m2/repository/org/jboss/ejb3/jndi/jboss-ejb3-jndi-deployers/0.1.2/jboss-ejb3-jndi-deployers-0.1.2.jar:/home/martin/.m2/repository/org/jboss/ejb3/jboss-ejb3-metadata-deployers/1.0.0/jboss-ejb3-metadata-deployers-1.0.0.jar:/home/martin/.m2/repository/org/jboss/ejb3/jboss-ejb3-timerservice-deployer/1.0.0-alpha-5/jboss-ejb3-timerservice-deployer-1.0.0-alpha-5.jar:/home/martin/.m2/repository/org/jboss/ejb3/timerservice/jboss-ejb3-timerservice-extension/1.0.0-alpha-10/jboss-ejb3-timerservice-extension-1.0.0-alpha-10.jar:/home/martin/.m2/repository/org/jboss/ejb3/timeout/jboss-ejb3-timeout-3.1/0.2.1/jboss-ejb3-timeout-3.1-0.2.1.jar:/home/martin/.m2/repository/org/jboss/ejb3/jboss-ejb3-timerservice-naming/1.0.0-alpha-2/jboss-ejb3-timerservice-naming-1.0.0-alpha-2.jar:/home/martin/.m2/repository/org/jboss/spec/javax/interceptor/jboss-interceptors-api_1.1_spec/1.0.0.Final/jboss-interceptors-api_1.1_spec-1.0.0.Final.jar:/home/martin/.m2/repository/org/jboss/ejb3/nointerface/jboss-ejb3-nointerface-impl/1.0.0-alpha-9/jboss-ejb3-nointerface-impl-1.0.0-alpha-9.jar:/home/martin/.m2/repository/org/jboss/ejb3/nointerface/jboss-ejb3-nointerface-spi/1.0.0-alpha-9/jboss-ejb3-nointerface-spi-1.0.0-alpha-9.jar:/home/martin/.m2/repository/org/jboss/ejb3/proxy/proxy-javassist/1.0.0-alpha-1/proxy-javassist-1.0.0-alpha-1.jar:/home/martin/.m2/repository/org/jboss/ejb3/proxy/proxy-spi/1.0.0-alpha-1/proxy-spi-1.0.0-alpha-1.jar:/home/martin/.m2/repository/org/jboss/metadata/jboss-metadata-ear/2.0.0.Alpha4/jboss-metadata-ear-2.0.0.Alpha4.jar:/home/martin/.m2/repository/org/jboss/ejb3/singleton/jboss-ejb3-singleton-aop-impl/1.0.0-alpha-16/jboss-ejb3-singleton-aop-impl-1.0.0-alpha-16.jar:/home/martin/.m2/repository/org/jboss/ejb3/singleton/jboss-ejb3-singleton-impl/1.0.0-alpha-16/jboss-ejb3-singleton-impl-1.0.0-alpha-16.jar:/home/martin/.m2/repository/org/jboss/ejb3/singleton/jboss-ejb3-singleton-spi/1.0.0-alpha-16/jboss-ejb3-singleton-spi-1.0.0-alpha-16.jar:/home/martin/.m2/repository/org/jboss/ejb3/container/jboss-ejb3-container-spi/1.0.0-alpha-2/jboss-ejb3-container-spi-1.0.0-alpha-2.jar:/home/martin/.m2/repository/org/jboss/ejb3/concurrency/jboss-ejb3-concurrency-aop/1.0.0-alpha-1/jboss-ejb3-concurrency-aop-1.0.0-alpha-1.jar:/home/martin/.m2/repository/org/jboss/ejb3/concurrency/jboss-ejb3-concurrency-impl/1.0.0-alpha-1/jboss-ejb3-concurrency-impl-1.0.0-alpha-1.jar:/home/martin/.m2/repository/org/jboss/ejb3/singleton/jboss-ejb3-singleton-deployer/1.0.0-alpha-16/jboss-ejb3-singleton-deployer-1.0.0-alpha-16.jar:/home/martin/.m2/repository/org/jboss/ejb3/singleton/jboss-ejb3-singleton-proxy-impl/1.0.0-alpha-16/jboss-ejb3-singleton-proxy-impl-1.0.0-alpha-16.jar:/home/martin/.m2/repository/org/jboss/ejb3/proxy/proxy-reflect/1.0.0-alpha-1/proxy-reflect-1.0.0-alpha-1.jar:/home/martin/.m2/repository/org/jboss/ejb3/timerservice/jboss-ejb3-timerservice-mk2/1.0.0-alpha-10/jboss-ejb3-timerservice-mk2-1.0.0-alpha-10.jar:/home/martin/.m2/repository/org/jboss/ejb3/timerservice/ejb31-calendar-expr-parser/1.0.0-alpha-10/ejb31-calendar-expr-parser-1.0.0-alpha-10.jar:/home/martin/.m2/repository/javax/validation/validation-api/1.0.0.GA/validation-api-1.0.0.GA.jar:/home/martin/.m2/repository/org/jboss/ejb3/statefulcache/jboss-ejb3-statefulcache-ispn/1.0.0-alpha-3/jboss-ejb3-statefulcache-ispn-1.0.0-alpha-3.jar:/home/martin/.m2/repository/org/jboss/cluster/jboss-ha-server-ispn/1.0.0.CR4/jboss-ha-server-ispn-1.0.0.CR4.jar:/home/martin/.m2/repository/org/infinispan/infinispan-core/4.2.0.BETA1/infinispan-core-4.2.0.BETA1.jar:/home/martin/.m2/repository/org/jgroups/jgroups/2.10.1.GA/jgroups-2.10.1.GA.jar:/home/martin/.m2/repository/org/jboss/marshalling/river/1.2.3.GA/river-1.2.3.GA.jar:/home/martin/.m2/repository/org/jboss/marshalling/marshalling-api/1.2.3.GA/marshalling-api-1.2.3.GA.jar:/home/martin/.m2/repository/org/rhq/helpers/rhq-pluginAnnotations/3.0.1/rhq-pluginAnnotations-3.0.1.jar:/home/martin/.m2/repository/i18nlog/i18nlog/1.0.10/i18nlog-1.0.10.jar:/home/martin/.m2/repository/org/jboss/cluster/jboss-ha-server-core/1.0.0.CR1/jboss-ha-server-core-1.0.0.CR1.jar:/home/martin/.m2/repository/org/jboss/ejb3/jboss-ejb3-core/1.6.3/jboss-ejb3-core-1.6.3-client.jar:/home/martin/.m2/repository/org/hibernate/hibernate-annotations/3.3.1.GA/hibernate-annotations-3.3.1.GA.jar:/home/martin/.m2/repository/org/jboss/microcontainer/jboss-kernel/2.0.8.GA/jboss-kernel-2.0.8.GA.jar:/home/martin/.m2/repository/org/jboss/microcontainer/jboss-aop-mc-int/2.0.4.GA/jboss-aop-mc-int-2.0.4.GA.jar:/home/martin/.m2/repository/org/jboss/ejb3/vfs/jboss-ejb3-vfs-impl-vfs3/1.0.0-alpha-1/jboss-ejb3-vfs-impl-vfs3-1.0.0-alpha-1.jar:/home/martin/.m2/repository/javax/xml/jaxrpc-api/1.1/jaxrpc-api-1.1.jar:/home/martin/.m2/repository/org/jboss/spec/javax/jms/jboss-jms-api_1.1_spec/1.0.0.Final/jboss-jms-api_1.1_spec-1.0.0.Final.jar:/home/martin/.m2/repository/org/jboss/jbossas/jboss-as-connector/6.0.0.20101110-CR1/jboss-as-connector-6.0.0.20101110-CR1.jar:/home/martin/.m2/repository/org/jboss/integration/jboss-integration/6.0.0.CR1/jboss-integration-6.0.0.CR1.jar:/home/martin/.m2/repository/org/jboss/spec/javax/resource/jboss-connector-api_1.5_spec/1.0.0.Final/jboss-connector-api_1.5_spec-1.0.0.Final.jar:/home/martin/.m2/repository/org/jboss/spec/javax/xml/bind/jboss-jaxb-api_2.2_spec/1.0.0.Final/jboss-jaxb-api_2.2_spec-1.0.0.Final.jar:/home/martin/.m2/repository/org/jboss/spec/javax/enterprise/deploy/jboss-jad-api_1.2_spec/1.0.0.Final/jboss-jad-api_1.2_spec-1.0.0.Final.jar:/home/martin/.m2/repository/org/picketbox/jboss-security-spi/3.0.0.CR2/jboss-security-spi-3.0.0.CR2.jar:/home/martin/.m2/repository/org/picketbox/jbosssx-client/3.0.0.CR2/jbosssx-client-3.0.0.CR2.jar:/home/martin/.m2/repository/org/jboss/metadata/jboss-metadata-client/2.0.0.Alpha2/jboss-metadata-client-2.0.0.Alpha2.jar:/home/martin/.m2/repository/org/jboss/metadata/jboss-metadata-rar/2.0.0.Alpha/jboss-metadata-rar-2.0.0.Alpha.jar:/home/martin/.m2/repository/org/jboss/metadata/jboss-metadata-war/2.0.0.Alpha15/jboss-metadata-war-2.0.0.Alpha15.jar:/home/martin/.m2/repository/org/jboss/spec/javax/security/jacc/jboss-jacc-api_1.4_spec/1.0.0.Final/jboss-jacc-api_1.4_spec-1.0.0.Final.jar:/home/martin/.m2/repository/org/jboss/spec/javax/servlet/jboss-servlet-api_3.0_spec/1.0.0.Beta2/jboss-servlet-api_3.0_spec-1.0.0.Beta2.jar:/home/martin/.m2/repository/org/jboss/mx/jboss-j2se/6.0.0.Beta5/jboss-j2se-6.0.0.Beta5.jar:/home/martin/.m2/repository/org/picketbox/jbosssx/3.0.0.CR2/jbosssx-3.0.0.CR2.jar:/home/martin/.m2/repository/org/picketbox/picketbox-bare/3.0.0.CR2/picketbox-bare-3.0.0.CR2.jar:/home/martin/.m2/repository/org/picketbox/identity-spi/3.0.0.CR2/identity-spi-3.0.0.CR2.jar:/home/martin/.m2/repository/org/picketbox/authorization-spi/3.0.0.CR2/authorization-spi-3.0.0.CR2.jar:/home/martin/.m2/repository/org/picketbox/acl-spi/3.0.0.CR2/acl-spi-3.0.0.CR2.jar:/home/martin/.m2/repository/org/picketbox/jbosssx-bare/3.0.0.CR2/jbosssx-bare-3.0.0.CR2.jar:/home/martin/.m2/repository/org/picketbox/picketbox-identity-impl/3.0.0.CR2/picketbox-identity-impl-3.0.0.CR2.jar:/home/martin/.m2/repository/org/picketbox/picketbox-spi-bare/3.0.0.CR2/picketbox-spi-bare-3.0.0.CR2.jar:/home/martin/.m2/repository/org/picketbox/picketbox-acl-impl/3.0.0.CR2/picketbox-acl-impl-3.0.0.CR2.jar:/home/martin/.m2/repository/org/jboss/security/jbossxacml/2.0.5.CR1/jbossxacml-2.0.5.CR1.jar:/home/martin/.m2/repository/org/jboss/spec/javax/security/auth/message/jboss-jaspi-api_1.0_spec/1.0.0.CR1/jboss-jaspi-api_1.0_spec-1.0.0.CR1.jar:/home/martin/.m2/repository/org/apache/xmlsec/1.4.3/xmlsec-1.4.3.jar:/home/martin/.m2/repository/org/jboss/aop/jboss-aop-deployers/2.2.1.Alpha3/jboss-aop-deployers-2.2.1.Alpha3.jar:/home/martin/.m2/repository/org/jboss/aop/jboss-aop-asintegration-mc/2.2.1.Alpha3/jboss-aop-asintegration-mc-2.2.1.Alpha3.jar:/home/martin/.m2/repository/org/jboss/classpool/jboss-classpool-jbosscl/1.0.0.Alpha6/jboss-classpool-jbosscl-1.0.0.Alpha6.jar:/home/martin/.m2/repository/org/jboss/classpool/jboss-classpool/1.0.0.Alpha6/jboss-classpool-1.0.0.Alpha6.jar:/home/martin/.m2/repository/org/jboss/classpool/jboss-classpool-scoped/1.0.0.Alpha6/jboss-classpool-scoped-1.0.0.Alpha6.jar:/home/martin/.m2/repository/org/jboss/aop/pluggable-instrumentor/2.2.1.Alpha3/pluggable-instrumentor-2.2.1.Alpha3.jar:/home/martin/.m2/repository/org/jboss/aop/jboss-aop-asintegration-core/2.2.1.Alpha3/jboss-aop-asintegration-core-2.2.1.Alpha3.jar:/home/martin/.m2/repository/org/jboss/kernel/jboss-aop-mc-int/2.2.0.Alpha10/jboss-aop-mc-int-2.2.0.Alpha10.jar:/home/martin/.m2/repository/org/jboss/bootstrap/jboss-bootstrap-spi-as/2.1.0-alpha-5/jboss-bootstrap-spi-as-2.1.0-alpha-5.jar:/home/martin/.m2/repository/org/jboss/bootstrap/jboss-bootstrap-spi-mc/2.1.0-alpha-5/jboss-bootstrap-spi-mc-2.1.0-alpha-5.jar:/home/martin/.m2/repository/org/jboss/bootstrap/jboss-bootstrap-spi/2.1.0-alpha-5/jboss-bootstrap-spi-2.1.0-alpha-5.jar:/home/martin/.m2/repository/org/jboss/bootstrap/jboss-bootstrap-api/2.1.0-alpha-5/jboss-bootstrap-api-2.1.0-alpha-5.jar:/home/martin/.m2/repository/org/jboss/bootstrap/jboss-bootstrap-api-mc/2.1.0-alpha-5/jboss-bootstrap-api-mc-2.1.0-alpha-5.jar:/home/martin/.m2/repository/org/jboss/bootstrap/jboss-bootstrap-api-as/2.1.0-alpha-5/jboss-bootstrap-api-as-2.1.0-alpha-5.jar:/home/martin/.m2/repository/org/jboss/profileservice/jboss-profileservice-core/0.1.0.Alpha1/jboss-profileservice-core-0.1.0.Alpha1.jar:/home/martin/.m2/repository/org/jboss/profileservice/jboss-profileservice-domain/0.1.0.Alpha1/jboss-profileservice-domain-0.1.0.Alpha1.jar:/home/martin/.m2/repository/org/jboss/profileservice/jboss-profileservice-spi/0.1.0.Alpha1/jboss-profileservice-spi-0.1.0.Alpha1.jar:/home/martin/.m2/repository/org/jboss/profileservice/jboss-profileservice-persistence/0.1.0.Alpha1/jboss-profileservice-persistence-0.1.0.Alpha1.jar:/home/martin/.m2/repository/org/jboss/jpa/jboss-jpa-vfs3/1.0.2-alpha-2/jboss-jpa-vfs3-1.0.2-alpha-2.jar:/home/martin/.m2/repository/org/jboss/injection/jboss-injection/0.1.0-alpha-2/jboss-injection-0.1.0-alpha-2.jar:/home/martin/.m2/repository/org/jboss/injection/jboss-resolver-spi/0.1.0-alpha-2/jboss-resolver-spi-0.1.0-alpha-2.jar:/home/martin/.m2/repository/org/jboss/injection/jboss-resolver-impl/0.1.0-alpha-2/jboss-resolver-impl-0.1.0-alpha-2.jar:/home/martin/.m2/repository/org/jboss/injection/jboss-injection-switchboard-deployer/0.1.0-alpha-2/jboss-injection-switchboard-deployer-0.1.0-alpha-2.jar:/home/martin/.m2/repository/org/jboss/injection/jboss-switchboard-metadata/0.1.0-alpha-2/jboss-switchboard-metadata-0.1.0-alpha-2.jar:/home/martin/.m2/repository/org/jboss/spec/javax/annotation/jboss-annotations-api_1.1_spec/1.0.0.Final/jboss-annotations-api_1.1_spec-1.0.0.Final.jar:/home/martin/.m2/repository/org/jboss/spec/javax/xml/soap/jboss-saaj-api_1.3_spec/1.0.0.Final/jboss-saaj-api_1.3_spec-1.0.0.Final.jar:/home/martin/.m2/repository/org/jboss/spec/javax/xml/ws/jboss-jaxws-api_2.2_spec/1.0.0.Final/jboss-jaxws-api_2.2_spec-1.0.0.Final.jar:/home/martin/.m2/repository/org/jboss/spec/javax/xml/rpc/jboss-jaxrpc-api_1.1_spec/1.0.0.Final/jboss-jaxrpc-api_1.1_spec-1.0.0.Final.jar:/home/martin/.m2/repository/gnu-getopt/getopt/1.0.12-brew/getopt-1.0.12-brew.jar:/home/martin/.m2/repository/org/jboss/service/binding/jboss-service-binding-core/1.2.0.Final/jboss-service-binding-core-1.2.0.Final.jar:/home/martin/.m2/repository/org/jboss/service/binding/jboss-service-binding-mgmt/1.2.0.Final/jboss-service-binding-mgmt-1.2.0.Final.jar:/home/martin/.m2/repository/org/jboss/scanning/scanning-plugins/1.0.0.Alpha7/scanning-plugins-1.0.0.Alpha7.jar:/home/martin/.m2/repository/org/jboss/scanning/scanning-spi/1.0.0.Alpha7/scanning-spi-1.0.0.Alpha7.jar:/home/martin/.m2/repository/org/jboss/scanning/scanning-impl/1.0.0.Alpha7/scanning-impl-1.0.0.Alpha7.jar:/home/martin/.m2/repository/org/jboss/scanning/scanning-deployers/1.0.0.Alpha7/scanning-deployers-1.0.0.Alpha7.jar:/home/martin/.m2/repository/org/jboss/logging/jboss-logging-log4j/2.1.0.GA/jboss-logging-log4j-2.1.0.GA.jar:/home/martin/.m2/repository/org/jboss/security/jboss-security-spi/2.0.4.SP2/jboss-security-spi-2.0.4.SP2.jar:/home/martin/.m2/repository/org/jboss/mx/jboss-jmx/6.0.0.Beta5/jboss-jmx-6.0.0.Beta5.jar:/home/martin/.m2/repository/org/jboss/mx/jboss-mbeans/6.0.0.Beta5/jboss-mbeans-6.0.0.Beta5.jar:/home/martin/.m2/repository/org/jboss/mx/jboss-jmx-annotations/6.0.0.Beta5/jboss-jmx-annotations-6.0.0.Beta5.jar:/home/martin/.m2/repository/org/jboss/kernel/jboss-jmx-mc-int/2.2.0.Alpha10/jboss-jmx-mc-int-2.2.0.Alpha10.jar:/home/martin/.m2/repository/org/jboss/mx/jboss-mbeanserver/6.0.0.Beta5/jboss-mbeanserver-6.0.0.Beta5.jar:/home/martin/.m2/repository/org/jboss/deployers/jboss-deployers-jmx/2.2.0.Alpha8/jboss-deployers-jmx-2.2.0.Alpha8.jar:/home/martin/.m2/repository/org/jboss/stdio/jboss-stdio/1.0.0.CR3/jboss-stdio-1.0.0.CR3.jar:/home/martin/.m2/repository/org/jboss/threads/jboss-threads/2.0.0.CR7/jboss-threads-2.0.0.CR7.jar:/home/martin/.m2/repository/org/quartz-scheduler/quartz/1.8.3/quartz-1.8.3.jar:/home/martin/.m2/repository/org/jboss/jbossas/jboss-as-iiop/6.0.0.20101110-CR1/jboss-as-iiop-6.0.0.20101110-CR1.jar:/home/martin/.m2/repository/org/jboss/jbossts/jbossjts/4.13.1.Final/jbossjts-4.13.1.Final.jar:/home/martin/.m2/repository/commons-codec/commons-codec/1.3/commons-codec-1.3.jar:/home/martin/.m2/repository/org/slf4j/jcl-over-slf4j/1.5.6/jcl-over-slf4j-1.5.6.jar:/home/martin/.m2/repository/emma/emma/2.0.5312/emma-2.0.5312.jar:/home/martin/.m2/repository/emma/emma_ant/2.0.5312/emma_ant-2.0.5312.jar:/home/martin/.m2/repository/org/hornetq/hornetq-core/2.1.1.Final/hornetq-core-2.1.1.Final.jar:/home/martin/.m2/repository/tanukisoft/wrapper/3.2.3/wrapper-3.2.3.jar:/home/martin/.m2/repository/jacorb/idl/2.3.1jboss.patch01-brew/idl-2.3.1jboss.patch01-brew.jar:/home/martin/.m2/repository/jfree/jfreechart/1.0.2/jfreechart-1.0.2.jar:/home/martin/.m2/repository/jfree/jcommon/1.0.2/jcommon-1.0.2.jar:/home/martin/.m2/repository/org/jboss/logmanager/jboss-logmanager/1.2.0.CR2/jboss-logmanager-1.2.0.CR2.jar:/home/martin/.m2/repository/org/jboss/integration/jboss-corba-ots-spi/6.0.0.CR1/jboss-corba-ots-spi-6.0.0.CR1.jar:/home/martin/.m2/repository/org/jboss/ws/native/jbossws-native-core/3.3.0.GA/jbossws-native-core-3.3.0.GA.jar:/home/martin/.m2/repository/org/jboss/ws/jbossws-common/1.4.0.Beta1/jbossws-common-1.4.0.Beta1.jar:/home/martin/.m2/repository/jboss/jaxbintros/jboss-jaxb-intros/1.0.2.GA/jboss-jaxb-intros-1.0.2.GA.jar:/home/martin/.m2/repository/commons-beanutils/commons-beanutils/1.7.0/commons-beanutils-1.7.0.jar:/home/martin/.m2/repository/org/jboss/ws/jbossws-framework/3.3.0.GA/jbossws-framework-3.3.0.GA.jar:/home/martin/.m2/repository/org/jboss/ws/native/jbossws-native-factories/3.3.0.GA/jbossws-native-factories-3.3.0.GA.jar:/home/martin/.m2/repository/javax/jws/jsr181-api/1.0-MR1/jsr181-api-1.0-MR1.jar:/home/martin/.m2/repository/com/sun/xml/bind/jaxb-xjc/2.2/jaxb-xjc-2.2.jar:/home/martin/.m2/repository/com/sun/xml/ws/jaxws-rt/2.2/jaxws-rt-2.2.jar:/home/martin/.m2/repository/com/sun/xml/stream/buffer/streambuffer/1.0/streambuffer-1.0.jar:/home/martin/.m2/repository/org/jvnet/staxex/stax-ex/1.2/stax-ex-1.2.jar:/home/martin/.m2/repository/org/codehaus/woodstox/wstx-asl/3.2.3/wstx-asl-3.2.3.jar:/home/martin/.m2/repository/com/sun/org/apache/xml/internal/resolver/20050927/resolver-20050927.jar:/home/martin/.m2/repository/com/sun/xml/ws/policy/2.0-b01/policy-2.0-b01.jar:/home/martin/.m2/repository/com/sun/xml/txw2/txw2/20090102/txw2-20090102.jar:/home/martin/.m2/repository/com/sun/istack/istack-commons-runtime/1.1/istack-commons-runtime-1.1.jar:/home/martin/.m2/repository/woodstox/wstx-asl/3.2.1/wstx-asl-3.2.1.jar:/home/martin/.m2/repository/com/sun/xml/ws/jaxws-tools/2.2/jaxws-tools-2.2.jar:/home/martin/.m2/repository/org/codehaus/jettison/jettison/1.0-RC2/jettison-1.0-RC2.jar:/home/martin/.m2/repository/org/jboss/netty/netty/3.2.0.BETA1/netty-3.2.0.BETA1.jar:/home/martin/.m2/repository/org/codehaus/woodstox/wstx-lgpl/3.2.6/wstx-lgpl-3.2.6.jar:/home/martin/.m2/repository/wsdl4j/wsdl4j/1.6.2/wsdl4j-1.6.2.jar:/home/martin/.m2/repository/javax/servlet/servlet-api/2.5/servlet-api-2.5.jar:/home/martin/.m2/repository/javax/servlet/jsp/jsp-api/2.1/jsp-api-2.1.jar:/home/martin/.m2/repository/org/springframework/spring-core/3.1.0.RELEASE/spring-core-3.1.0.RELEASE.jar:/home/martin/.m2/repository/org/springframework/spring-asm/3.1.0.RELEASE/spring-asm-3.1.0.RELEASE.jar:/home/martin/.m2/repository/org/springframework/spring-web/3.1.0.RELEASE/spring-web-3.1.0.RELEASE.jar:/home/martin/.m2/repository/aopalliance/aopalliance/1.0/aopalliance-1.0.jar:/home/martin/.m2/repository/org/springframework/spring-beans/3.1.0.RELEASE/spring-beans-3.1.0.RELEASE.jar:/home/martin/.m2/repository/org/springframework/spring-context/3.1.0.RELEASE/spring-context-3.1.0.RELEASE.jar:/home/martin/.m2/repository/org/springframework/spring-aop/3.1.0.RELEASE/spring-aop-3.1.0.RELEASE.jar:/home/martin/.m2/repository/org/springframework/spring-expression/3.1.0.RELEASE/spring-expression-3.1.0.RELEASE.jar:/home/martin/.m2/repository/org/springframework/spring-webmvc/3.1.0.RELEASE/spring-webmvc-3.1.0.RELEASE.jar:/home/martin/.m2/repository/org/springframework/spring-context-support/3.1.0.RELEASE/spring-context-support-3.1.0.RELEASE.jar:/home/martin/.m2/repository/org/springframework/spring-tx/3.1.0.RELEASE/spring-tx-3.1.0.RELEASE.jar:/home/martin/.m2/repository/org/springframework/spring-orm/3.1.0.RELEASE/spring-orm-3.1.0.RELEASE.jar:/home/martin/.m2/repository/org/springframework/spring-jdbc/3.1.0.RELEASE/spring-jdbc-3.1.0.RELEASE.jar:/home/martin/.m2/repository/org/aspectj/aspectjrt/1.6.11/aspectjrt-1.6.11.jar:/home/martin/.m2/repository/org/aspectj/aspectjweaver/1.6.11/aspectjweaver-1.6.11.jar:/home/martin/.m2/repository/org/apache/tiles/tiles-core/2.1.3/tiles-core-2.1.3.jar:/home/martin/.m2/repository/org/apache/tiles/tiles-api/2.1.3/tiles-api-2.1.3.jar:/home/martin/.m2/repository/commons-logging/commons-logging-api/1.1/commons-logging-api-1.1.jar:/home/martin/.m2/repository/commons-digester/commons-digester/1.8.1/commons-digester-1.8.1.jar:/home/martin/.m2/repository/org/apache/tiles/tiles-jsp/2.1.3/tiles-jsp-2.1.3.jar:/home/martin/.m2/repository/org/apache/tiles/tiles-servlet/2.1.3/tiles-servlet-2.1.3.jar:/home/martin/.m2/repository/displaytag/displaytag/1.2/displaytag-1.2.jar:/home/martin/.m2/repository/com/lowagie/itext/1.3/itext-1.3.jar:/home/martin/.m2/repository/org/slf4j/jcl104-over-slf4j/1.4.2/jcl104-over-slf4j-1.4.2.jar:/home/martin/.m2/repository/javax/servlet/jstl/1.2/jstl-1.2.jar:/home/martin/.m2/repository/net/disy/jquery/jquery/1.4.2/jquery-1.4.2.jar:/home/martin/.m2/repository/org/codehaus/jackson/jackson-mapper-asl/1.6.4/jackson-mapper-asl-1.6.4.jar:/home/martin/.m2/repository/org/codehaus/jackson/jackson-core-asl/1.6.4/jackson-core-asl-1.6.4.jar:/home/martin/.m2/repository/net/sf/json-lib/json-lib/2.4/json-lib-2.4-jdk15.jar:/home/martin/.m2/repository/net/sf/ezmorph/ezmorph/1.0.6/ezmorph-1.0.6.jar:/home/martin/.m2/repository/net/sf/ehcache/ehcache/1.5.0/ehcache-1.5.0.jar:/home/martin/.m2/repository/backport-util-concurrent/backport-util-concurrent/3.1/backport-util-concurrent-3.1.jar:/home/martin/.m2/repository/net/sf/jsr107cache/jsr107cache/1.0/jsr107cache-1.0.jar:"/>
    <property name="java.vm.specification.version" value="1.0"/>
    <property name="sun.arch.data.model" value="64"/>
    <property name="java.home" value="/usr/lib/jvm/java-6-sun-1.6.0.26/jre"/>
    <property name="sun.java.command" value="/tmp/surefirebooter8120667016211822503.jar /tmp/surefire1481023726663903526tmp /tmp/surefire2648413188002105559tmp"/>
    <property name="java.specification.vendor" value="Sun Microsystems Inc."/>
    <property name="user.language" value="en"/>
    <property name="java.vm.info" value="mixed mode"/>
    <property name="java.version" value="1.6.0_26"/>
    <property name="java.ext.dirs" value="/usr/lib/jvm/java-6-sun-1.6.0.26/jre/lib/ext:/usr/java/packages/lib/ext"/>
    <property name="sun.boot.class.path" value="/usr/lib/jvm/java-6-sun-1.6.0.26/jre/lib/resources.jar:/usr/lib/jvm/java-6-sun-1.6.0.26/jre/lib/rt.jar:/usr/lib/jvm/java-6-sun-1.6.0.26/jre/lib/sunrsasign.jar:/usr/lib/jvm/java-6-sun-1.6.0.26/jre/lib/jsse.jar:/usr/lib/jvm/java-6-sun-1.6.0.26/jre/lib/jce.jar:/usr/lib/jvm/java-6-sun-1.6.0.26/jre/lib/charsets.jar:/usr/lib/jvm/java-6-sun-1.6.0.26/jre/lib/modules/jdk.boot.jar:/usr/lib/jvm/java-6-sun-1.6.0.26/jre/classes"/>
    <property name="java.vendor" value="Sun Microsystems Inc."/>
    <property name="localRepository" value="/home/martin/.m2/repository"/>
    <property name="file.separator" value="/"/>
    <property name="java.vendor.url.bug" value="http://java.sun.com/cgi-bin/bugreport.cgi"/>
    <property name="sun.cpu.endian" value="little"/>
    <property name="sun.io.unicode.encoding" value="UnicodeLittle"/>
    <property name="sun.desktop" value="gnome"/>
    <property name="sun.cpu.isalist" value=""/>
  </properties>
  <testcase time="0.012" classname="com.qin.SincronizacionTextoTest" name="testCasoSimple"/>
  <testcase time="0.001" classname="com.qin.SincronizacionTextoTest" name="testCasoSimple2"/>
  <testcase time="0" classname="com.qin.SincronizacionTextoTest" name="testCasoSimple3"/>
  <testcase time="0.002" classname="com.qin.SincronizacionTextoTest" name="testCasoComplicado1"/>
  <testcase time="0.001" classname="com.qin.SincronizacionTextoTest" name="testCasoComplicado2"/>
</testsuite>